{"level":"info","message":"Modules ready and launched","timestamp":"2016-02-11 13:45:52"}
{"level":"info","message":"Blocks 1","timestamp":"2016-02-11 13:45:52"}
{"level":"info","message":"Current 0","timestamp":"2016-02-11 13:45:52"}
{"level":"info","message":"Blockchain ready","timestamp":"2016-02-11 13:45:54"}
{"level":"warn","message":"Peers list is empty","timestamp":"2016-02-11 13:45:54"}
{"level":"info","message":"Forging enabled on account: 14149649142371786324L","timestamp":"2016-02-11 13:45:54"}
{"level":"info","message":"Forging enabled on account: 3930100855738835149L","timestamp":"2016-02-11 13:45:54"}
{"level":"info","message":"Forging enabled on account: 2371400196863235976L","timestamp":"2016-02-11 13:45:54"}
{"level":"info","message":"Forging enabled on account: 1546652172174924088L","timestamp":"2016-02-11 13:45:54"}
{"level":"info","message":"Forging enabled on account: 6340230247863986810L","timestamp":"2016-02-11 13:45:54"}
{"level":"info","message":"Forging enabled on account: 17757266892540436146L","timestamp":"2016-02-11 13:45:54"}
{"level":"info","message":"Forging enabled on account: 5105253667869408271L","timestamp":"2016-02-11 13:45:54"}
{"level":"info","message":"Forging enabled on account: 8133216448509405858L","timestamp":"2016-02-11 13:45:54"}
{"level":"info","message":"Forging enabled on account: 15765978216346601412L","timestamp":"2016-02-11 13:45:54"}
{"level":"info","message":"Forging enabled on account: 6846765359464936414L","timestamp":"2016-02-11 13:45:54"}
{"level":"info","message":"Forging enabled on account: 2332067078797629819L","timestamp":"2016-02-11 13:45:54"}
{"level":"info","message":"Forging enabled on account: 11585661920873290468L","timestamp":"2016-02-11 13:45:54"}
{"level":"info","message":"Forging enabled on account: 5680448174010662040L","timestamp":"2016-02-11 13:45:54"}
{"level":"info","message":"Forging enabled on account: 17685651326529816661L","timestamp":"2016-02-11 13:45:54"}
{"level":"info","message":"Forging enabled on account: 12447145671995788324L","timestamp":"2016-02-11 13:45:54"}
{"level":"info","message":"Forging enabled on account: 4070457139868932350L","timestamp":"2016-02-11 13:45:54"}
{"level":"info","message":"Forging enabled on account: 13549936900765795049L","timestamp":"2016-02-11 13:45:54"}
{"level":"info","message":"Forging enabled on account: 17663935890225648090L","timestamp":"2016-02-11 13:45:54"}
{"level":"info","message":"Forging enabled on account: 3069300258098684658L","timestamp":"2016-02-11 13:45:54"}
{"level":"info","message":"Forging enabled on account: 8495073755363331719L","timestamp":"2016-02-11 13:45:54"}
{"level":"info","message":"Forging enabled on account: 10887453756696293032L","timestamp":"2016-02-11 13:45:54"}
{"level":"info","message":"Forging enabled on account: 3020507804366674587L","timestamp":"2016-02-11 13:45:54"}
{"level":"info","message":"Forging enabled on account: 11812371338603273549L","timestamp":"2016-02-11 13:45:54"}
{"level":"info","message":"Forging enabled on account: 13608593157184195592L","timestamp":"2016-02-11 13:45:54"}
{"level":"info","message":"Forging enabled on account: 16933729332011773593L","timestamp":"2016-02-11 13:45:54"}
{"level":"info","message":"Forging enabled on account: 17000486500472093535L","timestamp":"2016-02-11 13:45:54"}
{"level":"info","message":"Forging enabled on account: 10670480969439691666L","timestamp":"2016-02-11 13:45:54"}
{"level":"info","message":"Forging enabled on account: 16308891823984801877L","timestamp":"2016-02-11 13:45:54"}
{"level":"info","message":"Forging enabled on account: 4821108347128009180L","timestamp":"2016-02-11 13:45:54"}
{"level":"info","message":"Forging enabled on account: 14576453345547731305L","timestamp":"2016-02-11 13:45:54"}
{"level":"info","message":"Forging enabled on account: 16048499378298796495L","timestamp":"2016-02-11 13:45:54"}
{"level":"info","message":"Forging enabled on account: 16123677409401007627L","timestamp":"2016-02-11 13:45:54"}
{"level":"info","message":"Forging enabled on account: 2849104026499520721L","timestamp":"2016-02-11 13:45:54"}
{"level":"info","message":"Forging enabled on account: 10016610463005844368L","timestamp":"2016-02-11 13:45:54"}
{"level":"info","message":"Forging enabled on account: 14768455354105251689L","timestamp":"2016-02-11 13:45:54"}
{"level":"info","message":"Forging enabled on account: 6476657933454433160L","timestamp":"2016-02-11 13:45:54"}
{"level":"info","message":"Forging enabled on account: 14169221901728199150L","timestamp":"2016-02-11 13:45:54"}
{"level":"info","message":"Forging enabled on account: 17460394485819658262L","timestamp":"2016-02-11 13:45:54"}
{"level":"info","message":"Forging enabled on account: 4064826855161182787L","timestamp":"2016-02-11 13:45:54"}
{"level":"info","message":"Forging enabled on account: 9640977508953391005L","timestamp":"2016-02-11 13:45:54"}
{"level":"info","message":"Forging enabled on account: 4646337298804455057L","timestamp":"2016-02-11 13:45:54"}
{"level":"info","message":"Forging enabled on account: 11948539340538038496L","timestamp":"2016-02-11 13:45:54"}
{"level":"info","message":"Forging enabled on account: 16615739002464640478L","timestamp":"2016-02-11 13:45:54"}
{"level":"info","message":"Forging enabled on account: 2051824769291510025L","timestamp":"2016-02-11 13:45:54"}
{"level":"info","message":"Forging enabled on account: 11227248871004213299L","timestamp":"2016-02-11 13:45:54"}
{"level":"info","message":"Forging enabled on account: 4252989409429526679L","timestamp":"2016-02-11 13:45:54"}
{"level":"info","message":"Forging enabled on account: 10987092360394600230L","timestamp":"2016-02-11 13:45:54"}
{"level":"info","message":"Forging enabled on account: 2929571798475794906L","timestamp":"2016-02-11 13:45:54"}
{"level":"info","message":"Forging enabled on account: 13212000726988153961L","timestamp":"2016-02-11 13:45:54"}
{"level":"info","message":"Forging enabled on account: 362695784576058426L","timestamp":"2016-02-11 13:45:54"}
{"level":"info","message":"Forging enabled on account: 15232282601418822843L","timestamp":"2016-02-11 13:45:54"}
{"level":"info","message":"Forging enabled on account: 13848339630784326905L","timestamp":"2016-02-11 13:45:54"}
{"level":"info","message":"Forging enabled on account: 8098385897469633385L","timestamp":"2016-02-11 13:45:54"}
{"level":"info","message":"Forging enabled on account: 17758311103163879962L","timestamp":"2016-02-11 13:45:54"}
{"level":"info","message":"Forging enabled on account: 5025915167672758361L","timestamp":"2016-02-11 13:45:54"}
{"level":"info","message":"Forging enabled on account: 7627919955138172181L","timestamp":"2016-02-11 13:45:54"}
{"level":"info","message":"Forging enabled on account: 1470665512034530544L","timestamp":"2016-02-11 13:45:54"}
{"level":"info","message":"Forging enabled on account: 18040342337992489769L","timestamp":"2016-02-11 13:45:54"}
{"level":"info","message":"Forging enabled on account: 3184562440875939626L","timestamp":"2016-02-11 13:45:54"}
{"level":"info","message":"Forging enabled on account: 3255553461030636719L","timestamp":"2016-02-11 13:45:54"}
{"level":"info","message":"Forging enabled on account: 17749727714368969006L","timestamp":"2016-02-11 13:45:54"}
{"level":"info","message":"Forging enabled on account: 18174379888093702075L","timestamp":"2016-02-11 13:45:54"}
{"level":"info","message":"Forging enabled on account: 10046952333460021873L","timestamp":"2016-02-11 13:45:54"}
{"level":"info","message":"Forging enabled on account: 11549048937811276454L","timestamp":"2016-02-11 13:45:54"}
{"level":"info","message":"Forging enabled on account: 9836327148073559202L","timestamp":"2016-02-11 13:45:54"}
{"level":"info","message":"Forging enabled on account: 13417412952373532371L","timestamp":"2016-02-11 13:45:54"}
{"level":"info","message":"Forging enabled on account: 12621443593219659411L","timestamp":"2016-02-11 13:45:54"}
{"level":"info","message":"Forging enabled on account: 3964343074176533662L","timestamp":"2016-02-11 13:45:54"}
{"level":"info","message":"Forging enabled on account: 16051110485036123077L","timestamp":"2016-02-11 13:45:54"}
{"level":"info","message":"Forging enabled on account: 13082332565362896346L","timestamp":"2016-02-11 13:45:54"}
{"level":"info","message":"Forging enabled on account: 10678021928958642624L","timestamp":"2016-02-11 13:45:54"}
{"level":"info","message":"Forging enabled on account: 1955362945669071715L","timestamp":"2016-02-11 13:45:54"}
{"level":"info","message":"Forging enabled on account: 7868845772073636883L","timestamp":"2016-02-11 13:45:54"}
{"level":"info","message":"Forging enabled on account: 12600330024555274726L","timestamp":"2016-02-11 13:45:54"}
{"level":"info","message":"Forging enabled on account: 4492613397638560705L","timestamp":"2016-02-11 13:45:54"}
{"level":"info","message":"Forging enabled on account: 15040378437616378562L","timestamp":"2016-02-11 13:45:54"}
{"level":"info","message":"Forging enabled on account: 4456978766579419644L","timestamp":"2016-02-11 13:45:54"}
{"level":"info","message":"Forging enabled on account: 16398535477392927163L","timestamp":"2016-02-11 13:45:54"}
{"level":"info","message":"Forging enabled on account: 5226368518959593116L","timestamp":"2016-02-11 13:45:54"}
{"level":"info","message":"Forging enabled on account: 3959718745630166733L","timestamp":"2016-02-11 13:45:54"}
{"level":"info","message":"Forging enabled on account: 4364414843655514205L","timestamp":"2016-02-11 13:45:54"}
{"level":"info","message":"Forging enabled on account: 7986144469129728462L","timestamp":"2016-02-11 13:45:54"}
{"level":"info","message":"Forging enabled on account: 17538647435740034315L","timestamp":"2016-02-11 13:45:54"}
{"level":"info","message":"Forging enabled on account: 15104388112430310509L","timestamp":"2016-02-11 13:45:54"}
{"level":"info","message":"Forging enabled on account: 14308899259498030847L","timestamp":"2016-02-11 13:45:54"}
{"level":"info","message":"Forging enabled on account: 15969271948532424082L","timestamp":"2016-02-11 13:45:54"}
{"level":"info","message":"Forging enabled on account: 11833276369363981989L","timestamp":"2016-02-11 13:45:54"}
{"level":"info","message":"Forging enabled on account: 14285042690509157454L","timestamp":"2016-02-11 13:45:54"}
{"level":"info","message":"Forging enabled on account: 17434063381780882543L","timestamp":"2016-02-11 13:45:54"}
{"level":"info","message":"Forging enabled on account: 5646096170307632401L","timestamp":"2016-02-11 13:45:54"}
{"level":"info","message":"Forging enabled on account: 7968271956522125597L","timestamp":"2016-02-11 13:45:54"}
{"level":"info","message":"Forging enabled on account: 18167672454185986151L","timestamp":"2016-02-11 13:45:54"}
{"level":"info","message":"Forging enabled on account: 9366101519294512965L","timestamp":"2016-02-11 13:45:54"}
{"level":"info","message":"Forging enabled on account: 8677907210672412525L","timestamp":"2016-02-11 13:45:54"}
{"level":"info","message":"Forging enabled on account: 15573037599516789309L","timestamp":"2016-02-11 13:45:54"}
{"level":"info","message":"Forging enabled on account: 10785670140350106815L","timestamp":"2016-02-11 13:45:54"}
{"level":"info","message":"Forging enabled on account: 4652254507409009088L","timestamp":"2016-02-11 13:45:54"}
{"level":"info","message":"Forging enabled on account: 11128656545149816581L","timestamp":"2016-02-11 13:45:54"}
{"level":"info","message":"Forging enabled on account: 1815362280573953758L","timestamp":"2016-02-11 13:45:54"}
{"level":"info","message":"Forging enabled on account: 7455482203685999092L","timestamp":"2016-02-11 13:45:54"}
{"level":"info","message":"Forging enabled on account: 16869790427215953678L","timestamp":"2016-02-11 13:45:54"}
{"level":"info","message":"Cleaning up...","timestamp":"2016-02-11 13:46:32"}
{"level":"info","message":"Cleaned up successfully","timestamp":"2016-02-11 13:46:32"}
{"level":"info","message":"Modules ready and launched","timestamp":"2016-02-11 13:48:41"}
{"level":"info","message":"Blocks 1","timestamp":"2016-02-11 13:48:41"}
{"level":"info","message":"Current 0","timestamp":"2016-02-11 13:48:41"}
{"level":"info","message":"Blockchain ready","timestamp":"2016-02-11 13:48:43"}
{"level":"warn","message":"Peers list is empty","timestamp":"2016-02-11 13:48:43"}
{"level":"info","message":"Forging enabled on account: 14149649142371786324L","timestamp":"2016-02-11 13:48:43"}
{"level":"info","message":"Forging enabled on account: 3930100855738835149L","timestamp":"2016-02-11 13:48:43"}
{"level":"info","message":"Forging enabled on account: 2371400196863235976L","timestamp":"2016-02-11 13:48:43"}
{"level":"info","message":"Forging enabled on account: 1546652172174924088L","timestamp":"2016-02-11 13:48:43"}
{"level":"info","message":"Forging enabled on account: 6340230247863986810L","timestamp":"2016-02-11 13:48:43"}
{"level":"info","message":"Forging enabled on account: 17757266892540436146L","timestamp":"2016-02-11 13:48:43"}
{"level":"info","message":"Forging enabled on account: 5105253667869408271L","timestamp":"2016-02-11 13:48:43"}
{"level":"info","message":"Forging enabled on account: 8133216448509405858L","timestamp":"2016-02-11 13:48:43"}
{"level":"info","message":"Forging enabled on account: 15765978216346601412L","timestamp":"2016-02-11 13:48:43"}
{"level":"info","message":"Forging enabled on account: 6846765359464936414L","timestamp":"2016-02-11 13:48:43"}
{"level":"info","message":"Forging enabled on account: 2332067078797629819L","timestamp":"2016-02-11 13:48:43"}
{"level":"info","message":"Forging enabled on account: 11585661920873290468L","timestamp":"2016-02-11 13:48:43"}
{"level":"info","message":"Forging enabled on account: 5680448174010662040L","timestamp":"2016-02-11 13:48:43"}
{"level":"info","message":"Forging enabled on account: 17685651326529816661L","timestamp":"2016-02-11 13:48:43"}
{"level":"info","message":"Forging enabled on account: 12447145671995788324L","timestamp":"2016-02-11 13:48:43"}
{"level":"info","message":"Forging enabled on account: 4070457139868932350L","timestamp":"2016-02-11 13:48:43"}
{"level":"info","message":"Forging enabled on account: 13549936900765795049L","timestamp":"2016-02-11 13:48:43"}
{"level":"info","message":"Forging enabled on account: 17663935890225648090L","timestamp":"2016-02-11 13:48:43"}
{"level":"info","message":"Forging enabled on account: 3069300258098684658L","timestamp":"2016-02-11 13:48:43"}
{"level":"info","message":"Forging enabled on account: 8495073755363331719L","timestamp":"2016-02-11 13:48:43"}
{"level":"info","message":"Forging enabled on account: 10887453756696293032L","timestamp":"2016-02-11 13:48:43"}
{"level":"info","message":"Forging enabled on account: 3020507804366674587L","timestamp":"2016-02-11 13:48:43"}
{"level":"info","message":"Forging enabled on account: 11812371338603273549L","timestamp":"2016-02-11 13:48:43"}
{"level":"info","message":"Forging enabled on account: 13608593157184195592L","timestamp":"2016-02-11 13:48:43"}
{"level":"info","message":"Forging enabled on account: 16933729332011773593L","timestamp":"2016-02-11 13:48:43"}
{"level":"info","message":"Forging enabled on account: 17000486500472093535L","timestamp":"2016-02-11 13:48:43"}
{"level":"info","message":"Forging enabled on account: 10670480969439691666L","timestamp":"2016-02-11 13:48:43"}
{"level":"info","message":"Forging enabled on account: 16308891823984801877L","timestamp":"2016-02-11 13:48:43"}
{"level":"info","message":"Forging enabled on account: 4821108347128009180L","timestamp":"2016-02-11 13:48:43"}
{"level":"info","message":"Forging enabled on account: 14576453345547731305L","timestamp":"2016-02-11 13:48:43"}
{"level":"info","message":"Forging enabled on account: 16048499378298796495L","timestamp":"2016-02-11 13:48:43"}
{"level":"info","message":"Forging enabled on account: 16123677409401007627L","timestamp":"2016-02-11 13:48:43"}
{"level":"info","message":"Forging enabled on account: 2849104026499520721L","timestamp":"2016-02-11 13:48:43"}
{"level":"info","message":"Forging enabled on account: 10016610463005844368L","timestamp":"2016-02-11 13:48:43"}
{"level":"info","message":"Forging enabled on account: 14768455354105251689L","timestamp":"2016-02-11 13:48:43"}
{"level":"info","message":"Forging enabled on account: 6476657933454433160L","timestamp":"2016-02-11 13:48:43"}
{"level":"info","message":"Forging enabled on account: 14169221901728199150L","timestamp":"2016-02-11 13:48:43"}
{"level":"info","message":"Forging enabled on account: 17460394485819658262L","timestamp":"2016-02-11 13:48:43"}
{"level":"info","message":"Forging enabled on account: 4064826855161182787L","timestamp":"2016-02-11 13:48:43"}
{"level":"info","message":"Forging enabled on account: 9640977508953391005L","timestamp":"2016-02-11 13:48:43"}
{"level":"info","message":"Forging enabled on account: 4646337298804455057L","timestamp":"2016-02-11 13:48:43"}
{"level":"info","message":"Forging enabled on account: 11948539340538038496L","timestamp":"2016-02-11 13:48:43"}
{"level":"info","message":"Forging enabled on account: 16615739002464640478L","timestamp":"2016-02-11 13:48:43"}
{"level":"info","message":"Forging enabled on account: 2051824769291510025L","timestamp":"2016-02-11 13:48:43"}
{"level":"info","message":"Forging enabled on account: 11227248871004213299L","timestamp":"2016-02-11 13:48:43"}
{"level":"info","message":"Forging enabled on account: 4252989409429526679L","timestamp":"2016-02-11 13:48:43"}
{"level":"info","message":"Forging enabled on account: 10987092360394600230L","timestamp":"2016-02-11 13:48:43"}
{"level":"info","message":"Forging enabled on account: 2929571798475794906L","timestamp":"2016-02-11 13:48:43"}
{"level":"info","message":"Forging enabled on account: 13212000726988153961L","timestamp":"2016-02-11 13:48:43"}
{"level":"info","message":"Forging enabled on account: 362695784576058426L","timestamp":"2016-02-11 13:48:43"}
{"level":"info","message":"Forging enabled on account: 15232282601418822843L","timestamp":"2016-02-11 13:48:43"}
{"level":"info","message":"Forging enabled on account: 13848339630784326905L","timestamp":"2016-02-11 13:48:43"}
{"level":"info","message":"Forging enabled on account: 8098385897469633385L","timestamp":"2016-02-11 13:48:43"}
{"level":"info","message":"Forging enabled on account: 17758311103163879962L","timestamp":"2016-02-11 13:48:43"}
{"level":"info","message":"Forging enabled on account: 5025915167672758361L","timestamp":"2016-02-11 13:48:43"}
{"level":"info","message":"Forging enabled on account: 7627919955138172181L","timestamp":"2016-02-11 13:48:43"}
{"level":"info","message":"Forging enabled on account: 1470665512034530544L","timestamp":"2016-02-11 13:48:43"}
{"level":"info","message":"Forging enabled on account: 18040342337992489769L","timestamp":"2016-02-11 13:48:43"}
{"level":"info","message":"Forging enabled on account: 3184562440875939626L","timestamp":"2016-02-11 13:48:43"}
{"level":"info","message":"Forging enabled on account: 3255553461030636719L","timestamp":"2016-02-11 13:48:43"}
{"level":"info","message":"Forging enabled on account: 17749727714368969006L","timestamp":"2016-02-11 13:48:43"}
{"level":"info","message":"Forging enabled on account: 18174379888093702075L","timestamp":"2016-02-11 13:48:43"}
{"level":"info","message":"Forging enabled on account: 10046952333460021873L","timestamp":"2016-02-11 13:48:43"}
{"level":"info","message":"Forging enabled on account: 11549048937811276454L","timestamp":"2016-02-11 13:48:43"}
{"level":"info","message":"Forging enabled on account: 9836327148073559202L","timestamp":"2016-02-11 13:48:43"}
{"level":"info","message":"Forging enabled on account: 13417412952373532371L","timestamp":"2016-02-11 13:48:43"}
{"level":"info","message":"Forging enabled on account: 12621443593219659411L","timestamp":"2016-02-11 13:48:43"}
{"level":"info","message":"Forging enabled on account: 3964343074176533662L","timestamp":"2016-02-11 13:48:43"}
{"level":"info","message":"Forging enabled on account: 16051110485036123077L","timestamp":"2016-02-11 13:48:43"}
{"level":"info","message":"Forging enabled on account: 13082332565362896346L","timestamp":"2016-02-11 13:48:43"}
{"level":"info","message":"Forging enabled on account: 10678021928958642624L","timestamp":"2016-02-11 13:48:43"}
{"level":"info","message":"Forging enabled on account: 1955362945669071715L","timestamp":"2016-02-11 13:48:43"}
{"level":"info","message":"Forging enabled on account: 7868845772073636883L","timestamp":"2016-02-11 13:48:43"}
{"level":"info","message":"Forging enabled on account: 12600330024555274726L","timestamp":"2016-02-11 13:48:43"}
{"level":"info","message":"Forging enabled on account: 4492613397638560705L","timestamp":"2016-02-11 13:48:43"}
{"level":"info","message":"Forging enabled on account: 15040378437616378562L","timestamp":"2016-02-11 13:48:43"}
{"level":"info","message":"Forging enabled on account: 4456978766579419644L","timestamp":"2016-02-11 13:48:43"}
{"level":"info","message":"Forging enabled on account: 16398535477392927163L","timestamp":"2016-02-11 13:48:43"}
{"level":"info","message":"Forging enabled on account: 5226368518959593116L","timestamp":"2016-02-11 13:48:43"}
{"level":"info","message":"Forging enabled on account: 3959718745630166733L","timestamp":"2016-02-11 13:48:43"}
{"level":"info","message":"Forging enabled on account: 4364414843655514205L","timestamp":"2016-02-11 13:48:43"}
{"level":"info","message":"Forging enabled on account: 7986144469129728462L","timestamp":"2016-02-11 13:48:43"}
{"level":"info","message":"Forging enabled on account: 17538647435740034315L","timestamp":"2016-02-11 13:48:43"}
{"level":"info","message":"Forging enabled on account: 15104388112430310509L","timestamp":"2016-02-11 13:48:43"}
{"level":"info","message":"Forging enabled on account: 14308899259498030847L","timestamp":"2016-02-11 13:48:43"}
{"level":"info","message":"Forging enabled on account: 15969271948532424082L","timestamp":"2016-02-11 13:48:43"}
{"level":"info","message":"Forging enabled on account: 11833276369363981989L","timestamp":"2016-02-11 13:48:43"}
{"level":"info","message":"Forging enabled on account: 14285042690509157454L","timestamp":"2016-02-11 13:48:43"}
{"level":"info","message":"Forging enabled on account: 17434063381780882543L","timestamp":"2016-02-11 13:48:43"}
{"level":"info","message":"Forging enabled on account: 5646096170307632401L","timestamp":"2016-02-11 13:48:43"}
{"level":"info","message":"Forging enabled on account: 7968271956522125597L","timestamp":"2016-02-11 13:48:43"}
{"level":"info","message":"Forging enabled on account: 18167672454185986151L","timestamp":"2016-02-11 13:48:43"}
{"level":"info","message":"Forging enabled on account: 9366101519294512965L","timestamp":"2016-02-11 13:48:43"}
{"level":"info","message":"Forging enabled on account: 8677907210672412525L","timestamp":"2016-02-11 13:48:43"}
{"level":"info","message":"Forging enabled on account: 15573037599516789309L","timestamp":"2016-02-11 13:48:43"}
{"level":"info","message":"Forging enabled on account: 10785670140350106815L","timestamp":"2016-02-11 13:48:43"}
{"level":"info","message":"Forging enabled on account: 4652254507409009088L","timestamp":"2016-02-11 13:48:43"}
{"level":"info","message":"Forging enabled on account: 11128656545149816581L","timestamp":"2016-02-11 13:48:43"}
{"level":"info","message":"Forging enabled on account: 1815362280573953758L","timestamp":"2016-02-11 13:48:43"}
{"level":"info","message":"Forging enabled on account: 7455482203685999092L","timestamp":"2016-02-11 13:48:43"}
{"level":"info","message":"Forging enabled on account: 16869790427215953678L","timestamp":"2016-02-11 13:48:43"}
{"level":"info","message":"Cleaning up...","timestamp":"2016-02-11 13:54:48"}
{"level":"info","message":"Cleaned up successfully","timestamp":"2016-02-11 13:54:48"}
{"level":"info","message":"Modules ready and launched","timestamp":"2016-02-11 13:54:58"}
{"level":"info","message":"Blocks 1","timestamp":"2016-02-11 13:54:58"}
{"level":"info","message":"Current 0","timestamp":"2016-02-11 13:54:58"}
{"level":"info","message":"Blockchain ready","timestamp":"2016-02-11 13:54:59"}
{"level":"warn","message":"Peers list is empty","timestamp":"2016-02-11 13:54:59"}
{"level":"info","message":"Forging enabled on account: 6020893770916529212L","timestamp":"2016-02-11 13:54:59"}
{"level":"info","message":"Forging enabled on account: 3399295688024391656L","timestamp":"2016-02-11 13:54:59"}
{"level":"info","message":"Forging enabled on account: 10920024659619471514L","timestamp":"2016-02-11 13:54:59"}
{"level":"info","message":"Forging enabled on account: 8944505886645395442L","timestamp":"2016-02-11 13:54:59"}
{"level":"info","message":"Forging enabled on account: 12297538224064366709L","timestamp":"2016-02-11 13:54:59"}
{"level":"info","message":"Forging enabled on account: 7149295450900308051L","timestamp":"2016-02-11 13:54:59"}
{"level":"info","message":"Forging enabled on account: 7603236824328673298L","timestamp":"2016-02-11 13:54:59"}
{"level":"info","message":"Forging enabled on account: 2280320823816308899L","timestamp":"2016-02-11 13:54:59"}
{"level":"info","message":"Forging enabled on account: 10199942799210522717L","timestamp":"2016-02-11 13:54:59"}
{"level":"info","message":"Forging enabled on account: 4608596237159455234L","timestamp":"2016-02-11 13:54:59"}
{"level":"info","message":"Forging enabled on account: 3046052288035016299L","timestamp":"2016-02-11 13:54:59"}
{"level":"info","message":"Forging enabled on account: 16088932973276075491L","timestamp":"2016-02-11 13:54:59"}
{"level":"info","message":"Forging enabled on account: 10051175899432791160L","timestamp":"2016-02-11 13:54:59"}
{"level":"info","message":"Forging enabled on account: 15440094603529369737L","timestamp":"2016-02-11 13:54:59"}
{"level":"info","message":"Forging enabled on account: 5206378341680386908L","timestamp":"2016-02-11 13:54:59"}
{"level":"info","message":"Forging enabled on account: 15066501102709572384L","timestamp":"2016-02-11 13:54:59"}
{"level":"info","message":"Forging enabled on account: 5433728625706035735L","timestamp":"2016-02-11 13:54:59"}
{"level":"info","message":"Forging enabled on account: 16608846401551356901L","timestamp":"2016-02-11 13:54:59"}
{"level":"info","message":"Forging enabled on account: 17132248719525355600L","timestamp":"2016-02-11 13:54:59"}
{"level":"info","message":"Forging enabled on account: 2463618651541023385L","timestamp":"2016-02-11 13:54:59"}
{"level":"info","message":"Forging enabled on account: 2747601432435937036L","timestamp":"2016-02-11 13:54:59"}
{"level":"info","message":"Forging enabled on account: 14536564211138737191L","timestamp":"2016-02-11 13:54:59"}
{"level":"info","message":"Forging enabled on account: 3024083204840550730L","timestamp":"2016-02-11 13:54:59"}
{"level":"info","message":"Forging enabled on account: 4110132213699554638L","timestamp":"2016-02-11 13:54:59"}
{"level":"info","message":"Forging enabled on account: 4667848245651481112L","timestamp":"2016-02-11 13:54:59"}
{"level":"info","message":"Forging enabled on account: 10733656197600153397L","timestamp":"2016-02-11 13:54:59"}
{"level":"info","message":"Forging enabled on account: 15572259629224973227L","timestamp":"2016-02-11 13:54:59"}
{"level":"info","message":"Forging enabled on account: 2708643964688193466L","timestamp":"2016-02-11 13:54:59"}
{"level":"info","message":"Forging enabled on account: 5210675340570198649L","timestamp":"2016-02-11 13:54:59"}
{"level":"info","message":"Forging enabled on account: 4439596338517690842L","timestamp":"2016-02-11 13:54:59"}
{"level":"info","message":"Forging enabled on account: 3148799556663946546L","timestamp":"2016-02-11 13:54:59"}
{"level":"info","message":"Forging enabled on account: 3479439186094792631L","timestamp":"2016-02-11 13:54:59"}
{"level":"info","message":"Forging enabled on account: 3322446912655241689L","timestamp":"2016-02-11 13:54:59"}
{"level":"info","message":"Forging enabled on account: 15160345575842592446L","timestamp":"2016-02-11 13:54:59"}
{"level":"info","message":"Forging enabled on account: 16817157215702135906L","timestamp":"2016-02-11 13:54:59"}
{"level":"info","message":"Forging enabled on account: 4699700350936932361L","timestamp":"2016-02-11 13:54:59"}
{"level":"info","message":"Forging enabled on account: 12940758860846676511L","timestamp":"2016-02-11 13:54:59"}
{"level":"info","message":"Forging enabled on account: 7764036856133443796L","timestamp":"2016-02-11 13:54:59"}
{"level":"info","message":"Forging enabled on account: 16074004851658777541L","timestamp":"2016-02-11 13:54:59"}
{"level":"info","message":"Forging enabled on account: 1488221669815913422L","timestamp":"2016-02-11 13:54:59"}
{"level":"info","message":"Forging enabled on account: 11972908721254757039L","timestamp":"2016-02-11 13:54:59"}
{"level":"info","message":"Forging enabled on account: 3771038779777717068L","timestamp":"2016-02-11 13:54:59"}
{"level":"info","message":"Forging enabled on account: 905418964679433011L","timestamp":"2016-02-11 13:54:59"}
{"level":"info","message":"Forging enabled on account: 12002054620833360169L","timestamp":"2016-02-11 13:54:59"}
{"level":"info","message":"Forging enabled on account: 11034948745431703253L","timestamp":"2016-02-11 13:54:59"}
{"level":"info","message":"Forging enabled on account: 7189254296376490745L","timestamp":"2016-02-11 13:54:59"}
{"level":"info","message":"Forging enabled on account: 3082415260295111034L","timestamp":"2016-02-11 13:54:59"}
{"level":"info","message":"Forging enabled on account: 15667065523937751738L","timestamp":"2016-02-11 13:54:59"}
{"level":"info","message":"Forging enabled on account: 6152611772163009873L","timestamp":"2016-02-11 13:54:59"}
{"level":"info","message":"Forging enabled on account: 3206462506877017407L","timestamp":"2016-02-11 13:54:59"}
{"level":"info","message":"Forging enabled on account: 5372897999550977066L","timestamp":"2016-02-11 13:54:59"}
{"level":"info","message":"Forging enabled on account: 13714885783276782429L","timestamp":"2016-02-11 13:54:59"}
{"level":"info","message":"Forging enabled on account: 9256276097733612933L","timestamp":"2016-02-11 13:54:59"}
{"level":"info","message":"Forging enabled on account: 2959041859287774689L","timestamp":"2016-02-11 13:54:59"}
{"level":"info","message":"Forging enabled on account: 10506793186059900306L","timestamp":"2016-02-11 13:54:59"}
{"level":"info","message":"Forging enabled on account: 9855465488126197395L","timestamp":"2016-02-11 13:54:59"}
{"level":"info","message":"Forging enabled on account: 17356565099400908L","timestamp":"2016-02-11 13:54:59"}
{"level":"info","message":"Forging enabled on account: 3640572395603978769L","timestamp":"2016-02-11 13:54:59"}
{"level":"info","message":"Forging enabled on account: 13009384699318248741L","timestamp":"2016-02-11 13:54:59"}
{"level":"info","message":"Forging enabled on account: 18427977732656699732L","timestamp":"2016-02-11 13:54:59"}
{"level":"info","message":"Forging enabled on account: 17486928158488436485L","timestamp":"2016-02-11 13:54:59"}
{"level":"info","message":"Forging enabled on account: 7537376388525502516L","timestamp":"2016-02-11 13:54:59"}
{"level":"info","message":"Forging enabled on account: 17735799744459426414L","timestamp":"2016-02-11 13:54:59"}
{"level":"info","message":"Forging enabled on account: 10922694462992044558L","timestamp":"2016-02-11 13:54:59"}
{"level":"info","message":"Forging enabled on account: 9189133462794141728L","timestamp":"2016-02-11 13:54:59"}
{"level":"info","message":"Forging enabled on account: 18317564489186666540L","timestamp":"2016-02-11 13:54:59"}
{"level":"info","message":"Forging enabled on account: 14441137442005365710L","timestamp":"2016-02-11 13:54:59"}
{"level":"info","message":"Forging enabled on account: 684341513061178313L","timestamp":"2016-02-11 13:54:59"}
{"level":"info","message":"Forging enabled on account: 7593707372789167412L","timestamp":"2016-02-11 13:54:59"}
{"level":"info","message":"Forging enabled on account: 6706317050213502394L","timestamp":"2016-02-11 13:54:59"}
{"level":"info","message":"Forging enabled on account: 7249228627189143404L","timestamp":"2016-02-11 13:54:59"}
{"level":"info","message":"Forging enabled on account: 1783032896263398579L","timestamp":"2016-02-11 13:54:59"}
{"level":"info","message":"Forging enabled on account: 15494744044878115785L","timestamp":"2016-02-11 13:54:59"}
{"level":"info","message":"Forging enabled on account: 6802359199930828989L","timestamp":"2016-02-11 13:54:59"}
{"level":"info","message":"Forging enabled on account: 16050200934765593962L","timestamp":"2016-02-11 13:54:59"}
{"level":"info","message":"Forging enabled on account: 12822300557104611620L","timestamp":"2016-02-11 13:54:59"}
{"level":"info","message":"Forging enabled on account: 1481139561646612243L","timestamp":"2016-02-11 13:54:59"}
{"level":"info","message":"Forging enabled on account: 2846768534602116009L","timestamp":"2016-02-11 13:54:59"}
{"level":"info","message":"Forging enabled on account: 17385087489157254955L","timestamp":"2016-02-11 13:54:59"}
{"level":"info","message":"Forging enabled on account: 3829243602589242754L","timestamp":"2016-02-11 13:54:59"}
{"level":"info","message":"Forging enabled on account: 8450693992445592011L","timestamp":"2016-02-11 13:54:59"}
{"level":"info","message":"Forging enabled on account: 6338764557280954375L","timestamp":"2016-02-11 13:54:59"}
{"level":"info","message":"Forging enabled on account: 10944063192866137583L","timestamp":"2016-02-11 13:54:59"}
{"level":"info","message":"Forging enabled on account: 2030546537464612755L","timestamp":"2016-02-11 13:54:59"}
{"level":"info","message":"Forging enabled on account: 16105883534213309320L","timestamp":"2016-02-11 13:54:59"}
{"level":"info","message":"Forging enabled on account: 11326396533149648867L","timestamp":"2016-02-11 13:54:59"}
{"level":"info","message":"Forging enabled on account: 12349723247374181522L","timestamp":"2016-02-11 13:54:59"}
{"level":"info","message":"Forging enabled on account: 16476440012630860790L","timestamp":"2016-02-11 13:54:59"}
{"level":"info","message":"Forging enabled on account: 345121046828688294L","timestamp":"2016-02-11 13:54:59"}
{"level":"info","message":"Forging enabled on account: 14953739121802821906L","timestamp":"2016-02-11 13:54:59"}
{"level":"info","message":"Forging enabled on account: 15288445234506888510L","timestamp":"2016-02-11 13:54:59"}
{"level":"info","message":"Forging enabled on account: 9628145656725939719L","timestamp":"2016-02-11 13:54:59"}
{"level":"info","message":"Forging enabled on account: 2822880454501211949L","timestamp":"2016-02-11 13:54:59"}
{"level":"info","message":"Forging enabled on account: 8669326576880436085L","timestamp":"2016-02-11 13:54:59"}
{"level":"info","message":"Forging enabled on account: 17767473486677456263L","timestamp":"2016-02-11 13:54:59"}
{"level":"info","message":"Forging enabled on account: 10715522561422406038L","timestamp":"2016-02-11 13:54:59"}
{"level":"info","message":"Forging enabled on account: 52090257569686578L","timestamp":"2016-02-11 13:54:59"}
{"level":"info","message":"Forging enabled on account: 11934491580331231200L","timestamp":"2016-02-11 13:54:59"}
{"level":"info","message":"Forging enabled on account: 12520066846682701533L","timestamp":"2016-02-11 13:54:59"}
{"level":"info","message":"Forging enabled on account: 18230687562497153322L","timestamp":"2016-02-11 13:54:59"}
{"level":"info","message":"Forging enabled on account: 16978138279093948812L","timestamp":"2016-02-11 13:54:59"}
{"level":"error","message":"onNewBlock message","timestamp":"2016-02-11 13:54:59","data":"Dapp not ready"}
{"level":"info","message":"Cleaning up...","timestamp":"2016-02-11 14:08:18"}
{"level":"info","message":"Cleaned up successfully","timestamp":"2016-02-11 14:08:18"}
{"level":"info","message":"Modules ready and launched","timestamp":"2016-02-11 14:09:59"}
{"level":"info","message":"Blocks 1","timestamp":"2016-02-11 14:09:59"}
{"level":"info","message":"Current 0","timestamp":"2016-02-11 14:09:59"}
{"level":"info","message":"Blockchain ready","timestamp":"2016-02-11 14:10:00"}
{"level":"warn","message":"Peers list is empty","timestamp":"2016-02-11 14:10:00"}
{"level":"info","message":"Forging enabled on account: 6020893770916529212L","timestamp":"2016-02-11 14:10:00"}
{"level":"info","message":"Forging enabled on account: 3399295688024391656L","timestamp":"2016-02-11 14:10:00"}
{"level":"info","message":"Forging enabled on account: 10920024659619471514L","timestamp":"2016-02-11 14:10:00"}
{"level":"info","message":"Forging enabled on account: 8944505886645395442L","timestamp":"2016-02-11 14:10:00"}
{"level":"info","message":"Forging enabled on account: 12297538224064366709L","timestamp":"2016-02-11 14:10:00"}
{"level":"info","message":"Forging enabled on account: 7149295450900308051L","timestamp":"2016-02-11 14:10:00"}
{"level":"info","message":"Forging enabled on account: 7603236824328673298L","timestamp":"2016-02-11 14:10:00"}
{"level":"info","message":"Forging enabled on account: 2280320823816308899L","timestamp":"2016-02-11 14:10:00"}
{"level":"info","message":"Forging enabled on account: 10199942799210522717L","timestamp":"2016-02-11 14:10:00"}
{"level":"info","message":"Forging enabled on account: 4608596237159455234L","timestamp":"2016-02-11 14:10:00"}
{"level":"info","message":"Forging enabled on account: 3046052288035016299L","timestamp":"2016-02-11 14:10:00"}
{"level":"info","message":"Forging enabled on account: 16088932973276075491L","timestamp":"2016-02-11 14:10:00"}
{"level":"info","message":"Forging enabled on account: 10051175899432791160L","timestamp":"2016-02-11 14:10:00"}
{"level":"info","message":"Forging enabled on account: 15440094603529369737L","timestamp":"2016-02-11 14:10:00"}
{"level":"info","message":"Forging enabled on account: 5206378341680386908L","timestamp":"2016-02-11 14:10:00"}
{"level":"info","message":"Forging enabled on account: 15066501102709572384L","timestamp":"2016-02-11 14:10:00"}
{"level":"info","message":"Forging enabled on account: 5433728625706035735L","timestamp":"2016-02-11 14:10:00"}
{"level":"info","message":"Forging enabled on account: 16608846401551356901L","timestamp":"2016-02-11 14:10:00"}
{"level":"info","message":"Forging enabled on account: 17132248719525355600L","timestamp":"2016-02-11 14:10:00"}
{"level":"info","message":"Forging enabled on account: 2463618651541023385L","timestamp":"2016-02-11 14:10:00"}
{"level":"info","message":"Forging enabled on account: 2747601432435937036L","timestamp":"2016-02-11 14:10:00"}
{"level":"info","message":"Forging enabled on account: 14536564211138737191L","timestamp":"2016-02-11 14:10:00"}
{"level":"info","message":"Forging enabled on account: 3024083204840550730L","timestamp":"2016-02-11 14:10:00"}
{"level":"info","message":"Forging enabled on account: 4110132213699554638L","timestamp":"2016-02-11 14:10:00"}
{"level":"info","message":"Forging enabled on account: 4667848245651481112L","timestamp":"2016-02-11 14:10:00"}
{"level":"info","message":"Forging enabled on account: 10733656197600153397L","timestamp":"2016-02-11 14:10:00"}
{"level":"info","message":"Forging enabled on account: 15572259629224973227L","timestamp":"2016-02-11 14:10:00"}
{"level":"info","message":"Forging enabled on account: 2708643964688193466L","timestamp":"2016-02-11 14:10:00"}
{"level":"info","message":"Forging enabled on account: 5210675340570198649L","timestamp":"2016-02-11 14:10:00"}
{"level":"info","message":"Forging enabled on account: 4439596338517690842L","timestamp":"2016-02-11 14:10:00"}
{"level":"info","message":"Forging enabled on account: 3148799556663946546L","timestamp":"2016-02-11 14:10:00"}
{"level":"info","message":"Forging enabled on account: 3479439186094792631L","timestamp":"2016-02-11 14:10:00"}
{"level":"info","message":"Forging enabled on account: 3322446912655241689L","timestamp":"2016-02-11 14:10:00"}
{"level":"info","message":"Forging enabled on account: 15160345575842592446L","timestamp":"2016-02-11 14:10:00"}
{"level":"info","message":"Forging enabled on account: 16817157215702135906L","timestamp":"2016-02-11 14:10:00"}
{"level":"info","message":"Forging enabled on account: 4699700350936932361L","timestamp":"2016-02-11 14:10:00"}
{"level":"info","message":"Forging enabled on account: 12940758860846676511L","timestamp":"2016-02-11 14:10:00"}
{"level":"info","message":"Forging enabled on account: 7764036856133443796L","timestamp":"2016-02-11 14:10:00"}
{"level":"info","message":"Forging enabled on account: 16074004851658777541L","timestamp":"2016-02-11 14:10:00"}
{"level":"info","message":"Forging enabled on account: 1488221669815913422L","timestamp":"2016-02-11 14:10:00"}
{"level":"info","message":"Forging enabled on account: 11972908721254757039L","timestamp":"2016-02-11 14:10:00"}
{"level":"info","message":"Forging enabled on account: 3771038779777717068L","timestamp":"2016-02-11 14:10:00"}
{"level":"info","message":"Forging enabled on account: 905418964679433011L","timestamp":"2016-02-11 14:10:00"}
{"level":"info","message":"Forging enabled on account: 12002054620833360169L","timestamp":"2016-02-11 14:10:00"}
{"level":"info","message":"Forging enabled on account: 11034948745431703253L","timestamp":"2016-02-11 14:10:00"}
{"level":"info","message":"Forging enabled on account: 7189254296376490745L","timestamp":"2016-02-11 14:10:00"}
{"level":"info","message":"Forging enabled on account: 3082415260295111034L","timestamp":"2016-02-11 14:10:00"}
{"level":"info","message":"Forging enabled on account: 15667065523937751738L","timestamp":"2016-02-11 14:10:00"}
{"level":"info","message":"Forging enabled on account: 6152611772163009873L","timestamp":"2016-02-11 14:10:00"}
{"level":"info","message":"Forging enabled on account: 3206462506877017407L","timestamp":"2016-02-11 14:10:00"}
{"level":"info","message":"Forging enabled on account: 5372897999550977066L","timestamp":"2016-02-11 14:10:00"}
{"level":"info","message":"Forging enabled on account: 13714885783276782429L","timestamp":"2016-02-11 14:10:00"}
{"level":"info","message":"Forging enabled on account: 9256276097733612933L","timestamp":"2016-02-11 14:10:00"}
{"level":"info","message":"Forging enabled on account: 2959041859287774689L","timestamp":"2016-02-11 14:10:00"}
{"level":"info","message":"Forging enabled on account: 10506793186059900306L","timestamp":"2016-02-11 14:10:00"}
{"level":"info","message":"Forging enabled on account: 9855465488126197395L","timestamp":"2016-02-11 14:10:00"}
{"level":"info","message":"Forging enabled on account: 17356565099400908L","timestamp":"2016-02-11 14:10:00"}
{"level":"info","message":"Forging enabled on account: 3640572395603978769L","timestamp":"2016-02-11 14:10:00"}
{"level":"info","message":"Forging enabled on account: 13009384699318248741L","timestamp":"2016-02-11 14:10:00"}
{"level":"info","message":"Forging enabled on account: 18427977732656699732L","timestamp":"2016-02-11 14:10:00"}
{"level":"info","message":"Forging enabled on account: 17486928158488436485L","timestamp":"2016-02-11 14:10:00"}
{"level":"info","message":"Forging enabled on account: 7537376388525502516L","timestamp":"2016-02-11 14:10:00"}
{"level":"info","message":"Forging enabled on account: 17735799744459426414L","timestamp":"2016-02-11 14:10:00"}
{"level":"info","message":"Forging enabled on account: 10922694462992044558L","timestamp":"2016-02-11 14:10:00"}
{"level":"info","message":"Forging enabled on account: 9189133462794141728L","timestamp":"2016-02-11 14:10:00"}
{"level":"info","message":"Forging enabled on account: 18317564489186666540L","timestamp":"2016-02-11 14:10:00"}
{"level":"info","message":"Forging enabled on account: 14441137442005365710L","timestamp":"2016-02-11 14:10:00"}
{"level":"info","message":"Forging enabled on account: 684341513061178313L","timestamp":"2016-02-11 14:10:00"}
{"level":"info","message":"Forging enabled on account: 7593707372789167412L","timestamp":"2016-02-11 14:10:00"}
{"level":"info","message":"Forging enabled on account: 6706317050213502394L","timestamp":"2016-02-11 14:10:00"}
{"level":"info","message":"Forging enabled on account: 7249228627189143404L","timestamp":"2016-02-11 14:10:00"}
{"level":"info","message":"Forging enabled on account: 1783032896263398579L","timestamp":"2016-02-11 14:10:00"}
{"level":"info","message":"Forging enabled on account: 15494744044878115785L","timestamp":"2016-02-11 14:10:00"}
{"level":"info","message":"Forging enabled on account: 6802359199930828989L","timestamp":"2016-02-11 14:10:00"}
{"level":"info","message":"Forging enabled on account: 16050200934765593962L","timestamp":"2016-02-11 14:10:00"}
{"level":"info","message":"Forging enabled on account: 12822300557104611620L","timestamp":"2016-02-11 14:10:00"}
{"level":"info","message":"Forging enabled on account: 1481139561646612243L","timestamp":"2016-02-11 14:10:00"}
{"level":"info","message":"Forging enabled on account: 2846768534602116009L","timestamp":"2016-02-11 14:10:00"}
{"level":"info","message":"Forging enabled on account: 17385087489157254955L","timestamp":"2016-02-11 14:10:00"}
{"level":"info","message":"Forging enabled on account: 3829243602589242754L","timestamp":"2016-02-11 14:10:00"}
{"level":"info","message":"Forging enabled on account: 8450693992445592011L","timestamp":"2016-02-11 14:10:00"}
{"level":"info","message":"Forging enabled on account: 6338764557280954375L","timestamp":"2016-02-11 14:10:00"}
{"level":"info","message":"Forging enabled on account: 10944063192866137583L","timestamp":"2016-02-11 14:10:00"}
{"level":"info","message":"Forging enabled on account: 2030546537464612755L","timestamp":"2016-02-11 14:10:00"}
{"level":"info","message":"Forging enabled on account: 16105883534213309320L","timestamp":"2016-02-11 14:10:00"}
{"level":"info","message":"Forging enabled on account: 11326396533149648867L","timestamp":"2016-02-11 14:10:00"}
{"level":"info","message":"Forging enabled on account: 12349723247374181522L","timestamp":"2016-02-11 14:10:00"}
{"level":"info","message":"Forging enabled on account: 16476440012630860790L","timestamp":"2016-02-11 14:10:00"}
{"level":"info","message":"Forging enabled on account: 345121046828688294L","timestamp":"2016-02-11 14:10:00"}
{"level":"info","message":"Forging enabled on account: 14953739121802821906L","timestamp":"2016-02-11 14:10:00"}
{"level":"info","message":"Forging enabled on account: 15288445234506888510L","timestamp":"2016-02-11 14:10:00"}
{"level":"info","message":"Forging enabled on account: 9628145656725939719L","timestamp":"2016-02-11 14:10:00"}
{"level":"info","message":"Forging enabled on account: 2822880454501211949L","timestamp":"2016-02-11 14:10:00"}
{"level":"info","message":"Forging enabled on account: 8669326576880436085L","timestamp":"2016-02-11 14:10:00"}
{"level":"info","message":"Forging enabled on account: 17767473486677456263L","timestamp":"2016-02-11 14:10:00"}
{"level":"info","message":"Forging enabled on account: 10715522561422406038L","timestamp":"2016-02-11 14:10:00"}
{"level":"info","message":"Forging enabled on account: 52090257569686578L","timestamp":"2016-02-11 14:10:00"}
{"level":"info","message":"Forging enabled on account: 11934491580331231200L","timestamp":"2016-02-11 14:10:00"}
{"level":"info","message":"Forging enabled on account: 12520066846682701533L","timestamp":"2016-02-11 14:10:00"}
{"level":"info","message":"Forging enabled on account: 18230687562497153322L","timestamp":"2016-02-11 14:10:00"}
{"level":"info","message":"Forging enabled on account: 16978138279093948812L","timestamp":"2016-02-11 14:10:00"}
{"level":"error","message":"onNewBlock message","timestamp":"2016-02-11 14:10:00","data":"Dapp not ready"}
{"level":"info","message":"Modules ready and launched","timestamp":"2016-02-19 09:58:56"}
{"level":"info","message":"Blocks 205","timestamp":"2016-02-19 09:58:56"}
{"level":"info","message":"Blockchain ready","timestamp":"2016-02-19 09:58:56"}
{"level":"warn","message":"Peers list is empty","timestamp":"2016-02-19 09:58:56"}
{"level":"info","message":"Forging enabled on account: 6020893770916529212L","timestamp":"2016-02-19 09:58:56"}
{"level":"info","message":"Forging enabled on account: 3399295688024391656L","timestamp":"2016-02-19 09:58:56"}
{"level":"info","message":"Forging enabled on account: 10920024659619471514L","timestamp":"2016-02-19 09:58:56"}
{"level":"info","message":"Forging enabled on account: 8944505886645395442L","timestamp":"2016-02-19 09:58:56"}
{"level":"info","message":"Forging enabled on account: 12297538224064366709L","timestamp":"2016-02-19 09:58:56"}
{"level":"info","message":"Forging enabled on account: 7149295450900308051L","timestamp":"2016-02-19 09:58:56"}
{"level":"info","message":"Forging enabled on account: 7603236824328673298L","timestamp":"2016-02-19 09:58:56"}
{"level":"info","message":"Forging enabled on account: 2280320823816308899L","timestamp":"2016-02-19 09:58:56"}
{"level":"info","message":"Forging enabled on account: 10199942799210522717L","timestamp":"2016-02-19 09:58:56"}
{"level":"info","message":"Forging enabled on account: 4608596237159455234L","timestamp":"2016-02-19 09:58:56"}
{"level":"info","message":"Forging enabled on account: 3046052288035016299L","timestamp":"2016-02-19 09:58:56"}
{"level":"info","message":"Forging enabled on account: 16088932973276075491L","timestamp":"2016-02-19 09:58:56"}
{"level":"info","message":"Forging enabled on account: 10051175899432791160L","timestamp":"2016-02-19 09:58:56"}
{"level":"info","message":"Forging enabled on account: 15440094603529369737L","timestamp":"2016-02-19 09:58:56"}
{"level":"info","message":"Forging enabled on account: 5206378341680386908L","timestamp":"2016-02-19 09:58:56"}
{"level":"info","message":"Forging enabled on account: 15066501102709572384L","timestamp":"2016-02-19 09:58:56"}
{"level":"info","message":"Forging enabled on account: 5433728625706035735L","timestamp":"2016-02-19 09:58:56"}
{"level":"info","message":"Forging enabled on account: 16608846401551356901L","timestamp":"2016-02-19 09:58:56"}
{"level":"info","message":"Forging enabled on account: 17132248719525355600L","timestamp":"2016-02-19 09:58:56"}
{"level":"info","message":"Forging enabled on account: 2463618651541023385L","timestamp":"2016-02-19 09:58:56"}
{"level":"info","message":"Forging enabled on account: 2747601432435937036L","timestamp":"2016-02-19 09:58:56"}
{"level":"info","message":"Forging enabled on account: 14536564211138737191L","timestamp":"2016-02-19 09:58:56"}
{"level":"info","message":"Forging enabled on account: 3024083204840550730L","timestamp":"2016-02-19 09:58:56"}
{"level":"info","message":"Forging enabled on account: 4110132213699554638L","timestamp":"2016-02-19 09:58:56"}
{"level":"info","message":"Forging enabled on account: 4667848245651481112L","timestamp":"2016-02-19 09:58:56"}
{"level":"info","message":"Forging enabled on account: 10733656197600153397L","timestamp":"2016-02-19 09:58:56"}
{"level":"info","message":"Forging enabled on account: 15572259629224973227L","timestamp":"2016-02-19 09:58:56"}
{"level":"info","message":"Forging enabled on account: 2708643964688193466L","timestamp":"2016-02-19 09:58:56"}
{"level":"info","message":"Forging enabled on account: 5210675340570198649L","timestamp":"2016-02-19 09:58:56"}
{"level":"info","message":"Forging enabled on account: 4439596338517690842L","timestamp":"2016-02-19 09:58:56"}
{"level":"info","message":"Forging enabled on account: 3148799556663946546L","timestamp":"2016-02-19 09:58:56"}
{"level":"info","message":"Forging enabled on account: 3479439186094792631L","timestamp":"2016-02-19 09:58:56"}
{"level":"info","message":"Forging enabled on account: 3322446912655241689L","timestamp":"2016-02-19 09:58:56"}
{"level":"info","message":"Forging enabled on account: 15160345575842592446L","timestamp":"2016-02-19 09:58:56"}
{"level":"info","message":"Forging enabled on account: 16817157215702135906L","timestamp":"2016-02-19 09:58:56"}
{"level":"info","message":"Forging enabled on account: 4699700350936932361L","timestamp":"2016-02-19 09:58:56"}
{"level":"info","message":"Forging enabled on account: 12940758860846676511L","timestamp":"2016-02-19 09:58:56"}
{"level":"info","message":"Forging enabled on account: 7764036856133443796L","timestamp":"2016-02-19 09:58:56"}
{"level":"info","message":"Forging enabled on account: 16074004851658777541L","timestamp":"2016-02-19 09:58:56"}
{"level":"info","message":"Forging enabled on account: 1488221669815913422L","timestamp":"2016-02-19 09:58:56"}
{"level":"info","message":"Forging enabled on account: 11972908721254757039L","timestamp":"2016-02-19 09:58:56"}
{"level":"info","message":"Forging enabled on account: 3771038779777717068L","timestamp":"2016-02-19 09:58:56"}
{"level":"info","message":"Forging enabled on account: 905418964679433011L","timestamp":"2016-02-19 09:58:56"}
{"level":"info","message":"Forging enabled on account: 12002054620833360169L","timestamp":"2016-02-19 09:58:56"}
{"level":"info","message":"Forging enabled on account: 11034948745431703253L","timestamp":"2016-02-19 09:58:56"}
{"level":"info","message":"Forging enabled on account: 7189254296376490745L","timestamp":"2016-02-19 09:58:56"}
{"level":"info","message":"Forging enabled on account: 3082415260295111034L","timestamp":"2016-02-19 09:58:56"}
{"level":"info","message":"Forging enabled on account: 15667065523937751738L","timestamp":"2016-02-19 09:58:56"}
{"level":"info","message":"Forging enabled on account: 6152611772163009873L","timestamp":"2016-02-19 09:58:56"}
{"level":"info","message":"Forging enabled on account: 3206462506877017407L","timestamp":"2016-02-19 09:58:56"}
{"level":"info","message":"Forging enabled on account: 5372897999550977066L","timestamp":"2016-02-19 09:58:56"}
{"level":"info","message":"Forging enabled on account: 13714885783276782429L","timestamp":"2016-02-19 09:58:56"}
{"level":"info","message":"Forging enabled on account: 9256276097733612933L","timestamp":"2016-02-19 09:58:56"}
{"level":"info","message":"Forging enabled on account: 2959041859287774689L","timestamp":"2016-02-19 09:58:56"}
{"level":"info","message":"Forging enabled on account: 10506793186059900306L","timestamp":"2016-02-19 09:58:56"}
{"level":"info","message":"Forging enabled on account: 9855465488126197395L","timestamp":"2016-02-19 09:58:56"}
{"level":"info","message":"Forging enabled on account: 17356565099400908L","timestamp":"2016-02-19 09:58:56"}
{"level":"info","message":"Forging enabled on account: 3640572395603978769L","timestamp":"2016-02-19 09:58:56"}
{"level":"info","message":"Forging enabled on account: 13009384699318248741L","timestamp":"2016-02-19 09:58:56"}
{"level":"info","message":"Forging enabled on account: 18427977732656699732L","timestamp":"2016-02-19 09:58:56"}
{"level":"info","message":"Forging enabled on account: 17486928158488436485L","timestamp":"2016-02-19 09:58:56"}
{"level":"info","message":"Forging enabled on account: 7537376388525502516L","timestamp":"2016-02-19 09:58:56"}
{"level":"info","message":"Forging enabled on account: 17735799744459426414L","timestamp":"2016-02-19 09:58:56"}
{"level":"info","message":"Forging enabled on account: 10922694462992044558L","timestamp":"2016-02-19 09:58:56"}
{"level":"info","message":"Forging enabled on account: 9189133462794141728L","timestamp":"2016-02-19 09:58:56"}
{"level":"info","message":"Forging enabled on account: 18317564489186666540L","timestamp":"2016-02-19 09:58:56"}
{"level":"info","message":"Forging enabled on account: 14441137442005365710L","timestamp":"2016-02-19 09:58:56"}
{"level":"info","message":"Forging enabled on account: 684341513061178313L","timestamp":"2016-02-19 09:58:56"}
{"level":"info","message":"Forging enabled on account: 7593707372789167412L","timestamp":"2016-02-19 09:58:56"}
{"level":"info","message":"Forging enabled on account: 6706317050213502394L","timestamp":"2016-02-19 09:58:56"}
{"level":"info","message":"Forging enabled on account: 7249228627189143404L","timestamp":"2016-02-19 09:58:56"}
{"level":"info","message":"Forging enabled on account: 1783032896263398579L","timestamp":"2016-02-19 09:58:56"}
{"level":"info","message":"Forging enabled on account: 15494744044878115785L","timestamp":"2016-02-19 09:58:56"}
{"level":"info","message":"Forging enabled on account: 6802359199930828989L","timestamp":"2016-02-19 09:58:56"}
{"level":"info","message":"Forging enabled on account: 16050200934765593962L","timestamp":"2016-02-19 09:58:56"}
{"level":"info","message":"Forging enabled on account: 12822300557104611620L","timestamp":"2016-02-19 09:58:56"}
{"level":"info","message":"Forging enabled on account: 1481139561646612243L","timestamp":"2016-02-19 09:58:56"}
{"level":"info","message":"Forging enabled on account: 2846768534602116009L","timestamp":"2016-02-19 09:58:56"}
{"level":"info","message":"Forging enabled on account: 17385087489157254955L","timestamp":"2016-02-19 09:58:56"}
{"level":"info","message":"Forging enabled on account: 3829243602589242754L","timestamp":"2016-02-19 09:58:56"}
{"level":"info","message":"Forging enabled on account: 8450693992445592011L","timestamp":"2016-02-19 09:58:56"}
{"level":"info","message":"Forging enabled on account: 6338764557280954375L","timestamp":"2016-02-19 09:58:56"}
{"level":"info","message":"Forging enabled on account: 10944063192866137583L","timestamp":"2016-02-19 09:58:56"}
{"level":"info","message":"Forging enabled on account: 2030546537464612755L","timestamp":"2016-02-19 09:58:56"}
{"level":"info","message":"Forging enabled on account: 16105883534213309320L","timestamp":"2016-02-19 09:58:56"}
{"level":"info","message":"Forging enabled on account: 11326396533149648867L","timestamp":"2016-02-19 09:58:56"}
{"level":"info","message":"Forging enabled on account: 12349723247374181522L","timestamp":"2016-02-19 09:58:56"}
{"level":"info","message":"Forging enabled on account: 16476440012630860790L","timestamp":"2016-02-19 09:58:56"}
{"level":"info","message":"Forging enabled on account: 345121046828688294L","timestamp":"2016-02-19 09:58:56"}
{"level":"info","message":"Forging enabled on account: 14953739121802821906L","timestamp":"2016-02-19 09:58:56"}
{"level":"info","message":"Forging enabled on account: 15288445234506888510L","timestamp":"2016-02-19 09:58:56"}
{"level":"info","message":"Forging enabled on account: 9628145656725939719L","timestamp":"2016-02-19 09:58:56"}
{"level":"info","message":"Forging enabled on account: 2822880454501211949L","timestamp":"2016-02-19 09:58:56"}
{"level":"info","message":"Forging enabled on account: 8669326576880436085L","timestamp":"2016-02-19 09:58:56"}
{"level":"info","message":"Forging enabled on account: 17767473486677456263L","timestamp":"2016-02-19 09:58:56"}
{"level":"info","message":"Forging enabled on account: 10715522561422406038L","timestamp":"2016-02-19 09:58:56"}
{"level":"info","message":"Forging enabled on account: 52090257569686578L","timestamp":"2016-02-19 09:58:56"}
{"level":"info","message":"Forging enabled on account: 11934491580331231200L","timestamp":"2016-02-19 09:58:56"}
{"level":"info","message":"Forging enabled on account: 12520066846682701533L","timestamp":"2016-02-19 09:58:56"}
{"level":"info","message":"Forging enabled on account: 18230687562497153322L","timestamp":"2016-02-19 09:58:56"}
{"level":"info","message":"Forging enabled on account: 16978138279093948812L","timestamp":"2016-02-19 09:58:56"}
{"level":"error","message":"onNewBlock message","timestamp":"2016-02-19 09:58:56","data":"Dapp not ready"}
{"level":"info","message":"Cleaning up...","timestamp":"2016-02-19 09:59:50"}
{"level":"info","message":"Cleaned up successfully","timestamp":"2016-02-19 09:59:50"}
{"level":"info","message":"Modules ready and launched","timestamp":"2016-02-19 09:59:53"}
{"level":"info","message":"Blocks 212","timestamp":"2016-02-19 09:59:53"}
{"level":"info","message":"Blockchain ready","timestamp":"2016-02-19 09:59:53"}
{"level":"warn","message":"Peers list is empty","timestamp":"2016-02-19 09:59:53"}
{"level":"info","message":"Forging enabled on account: 6020893770916529212L","timestamp":"2016-02-19 09:59:53"}
{"level":"info","message":"Forging enabled on account: 3399295688024391656L","timestamp":"2016-02-19 09:59:53"}
{"level":"info","message":"Forging enabled on account: 10920024659619471514L","timestamp":"2016-02-19 09:59:53"}
{"level":"info","message":"Forging enabled on account: 8944505886645395442L","timestamp":"2016-02-19 09:59:53"}
{"level":"info","message":"Forging enabled on account: 12297538224064366709L","timestamp":"2016-02-19 09:59:53"}
{"level":"info","message":"Forging enabled on account: 7149295450900308051L","timestamp":"2016-02-19 09:59:53"}
{"level":"info","message":"Forging enabled on account: 7603236824328673298L","timestamp":"2016-02-19 09:59:53"}
{"level":"info","message":"Forging enabled on account: 2280320823816308899L","timestamp":"2016-02-19 09:59:53"}
{"level":"info","message":"Forging enabled on account: 10199942799210522717L","timestamp":"2016-02-19 09:59:53"}
{"level":"info","message":"Forging enabled on account: 4608596237159455234L","timestamp":"2016-02-19 09:59:53"}
{"level":"info","message":"Forging enabled on account: 3046052288035016299L","timestamp":"2016-02-19 09:59:53"}
{"level":"info","message":"Forging enabled on account: 16088932973276075491L","timestamp":"2016-02-19 09:59:53"}
{"level":"info","message":"Forging enabled on account: 10051175899432791160L","timestamp":"2016-02-19 09:59:53"}
{"level":"info","message":"Forging enabled on account: 15440094603529369737L","timestamp":"2016-02-19 09:59:53"}
{"level":"info","message":"Forging enabled on account: 5206378341680386908L","timestamp":"2016-02-19 09:59:53"}
{"level":"info","message":"Forging enabled on account: 15066501102709572384L","timestamp":"2016-02-19 09:59:53"}
{"level":"info","message":"Forging enabled on account: 5433728625706035735L","timestamp":"2016-02-19 09:59:53"}
{"level":"info","message":"Forging enabled on account: 16608846401551356901L","timestamp":"2016-02-19 09:59:53"}
{"level":"info","message":"Forging enabled on account: 17132248719525355600L","timestamp":"2016-02-19 09:59:53"}
{"level":"info","message":"Forging enabled on account: 2463618651541023385L","timestamp":"2016-02-19 09:59:53"}
{"level":"info","message":"Forging enabled on account: 2747601432435937036L","timestamp":"2016-02-19 09:59:53"}
{"level":"info","message":"Forging enabled on account: 14536564211138737191L","timestamp":"2016-02-19 09:59:53"}
{"level":"info","message":"Forging enabled on account: 3024083204840550730L","timestamp":"2016-02-19 09:59:53"}
{"level":"info","message":"Forging enabled on account: 4110132213699554638L","timestamp":"2016-02-19 09:59:53"}
{"level":"info","message":"Forging enabled on account: 4667848245651481112L","timestamp":"2016-02-19 09:59:53"}
{"level":"info","message":"Forging enabled on account: 10733656197600153397L","timestamp":"2016-02-19 09:59:53"}
{"level":"info","message":"Forging enabled on account: 15572259629224973227L","timestamp":"2016-02-19 09:59:53"}
{"level":"info","message":"Forging enabled on account: 2708643964688193466L","timestamp":"2016-02-19 09:59:53"}
{"level":"info","message":"Forging enabled on account: 5210675340570198649L","timestamp":"2016-02-19 09:59:53"}
{"level":"info","message":"Forging enabled on account: 4439596338517690842L","timestamp":"2016-02-19 09:59:53"}
{"level":"info","message":"Forging enabled on account: 3148799556663946546L","timestamp":"2016-02-19 09:59:53"}
{"level":"info","message":"Forging enabled on account: 3479439186094792631L","timestamp":"2016-02-19 09:59:53"}
{"level":"info","message":"Forging enabled on account: 3322446912655241689L","timestamp":"2016-02-19 09:59:53"}
{"level":"info","message":"Forging enabled on account: 15160345575842592446L","timestamp":"2016-02-19 09:59:53"}
{"level":"info","message":"Forging enabled on account: 16817157215702135906L","timestamp":"2016-02-19 09:59:53"}
{"level":"info","message":"Forging enabled on account: 4699700350936932361L","timestamp":"2016-02-19 09:59:53"}
{"level":"info","message":"Forging enabled on account: 12940758860846676511L","timestamp":"2016-02-19 09:59:53"}
{"level":"info","message":"Forging enabled on account: 7764036856133443796L","timestamp":"2016-02-19 09:59:53"}
{"level":"info","message":"Forging enabled on account: 16074004851658777541L","timestamp":"2016-02-19 09:59:53"}
{"level":"info","message":"Forging enabled on account: 1488221669815913422L","timestamp":"2016-02-19 09:59:53"}
{"level":"info","message":"Forging enabled on account: 11972908721254757039L","timestamp":"2016-02-19 09:59:53"}
{"level":"info","message":"Forging enabled on account: 3771038779777717068L","timestamp":"2016-02-19 09:59:53"}
{"level":"info","message":"Forging enabled on account: 905418964679433011L","timestamp":"2016-02-19 09:59:53"}
{"level":"info","message":"Forging enabled on account: 12002054620833360169L","timestamp":"2016-02-19 09:59:53"}
{"level":"info","message":"Forging enabled on account: 11034948745431703253L","timestamp":"2016-02-19 09:59:53"}
{"level":"info","message":"Forging enabled on account: 7189254296376490745L","timestamp":"2016-02-19 09:59:53"}
{"level":"info","message":"Forging enabled on account: 3082415260295111034L","timestamp":"2016-02-19 09:59:53"}
{"level":"info","message":"Forging enabled on account: 15667065523937751738L","timestamp":"2016-02-19 09:59:53"}
{"level":"info","message":"Forging enabled on account: 6152611772163009873L","timestamp":"2016-02-19 09:59:53"}
{"level":"info","message":"Forging enabled on account: 3206462506877017407L","timestamp":"2016-02-19 09:59:53"}
{"level":"info","message":"Forging enabled on account: 5372897999550977066L","timestamp":"2016-02-19 09:59:53"}
{"level":"info","message":"Forging enabled on account: 13714885783276782429L","timestamp":"2016-02-19 09:59:53"}
{"level":"info","message":"Forging enabled on account: 9256276097733612933L","timestamp":"2016-02-19 09:59:53"}
{"level":"info","message":"Forging enabled on account: 2959041859287774689L","timestamp":"2016-02-19 09:59:53"}
{"level":"info","message":"Forging enabled on account: 10506793186059900306L","timestamp":"2016-02-19 09:59:53"}
{"level":"info","message":"Forging enabled on account: 9855465488126197395L","timestamp":"2016-02-19 09:59:53"}
{"level":"info","message":"Forging enabled on account: 17356565099400908L","timestamp":"2016-02-19 09:59:53"}
{"level":"info","message":"Forging enabled on account: 3640572395603978769L","timestamp":"2016-02-19 09:59:53"}
{"level":"info","message":"Forging enabled on account: 13009384699318248741L","timestamp":"2016-02-19 09:59:53"}
{"level":"info","message":"Forging enabled on account: 18427977732656699732L","timestamp":"2016-02-19 09:59:53"}
{"level":"info","message":"Forging enabled on account: 17486928158488436485L","timestamp":"2016-02-19 09:59:53"}
{"level":"info","message":"Forging enabled on account: 7537376388525502516L","timestamp":"2016-02-19 09:59:53"}
{"level":"info","message":"Forging enabled on account: 17735799744459426414L","timestamp":"2016-02-19 09:59:53"}
{"level":"info","message":"Forging enabled on account: 10922694462992044558L","timestamp":"2016-02-19 09:59:53"}
{"level":"info","message":"Forging enabled on account: 9189133462794141728L","timestamp":"2016-02-19 09:59:53"}
{"level":"info","message":"Forging enabled on account: 18317564489186666540L","timestamp":"2016-02-19 09:59:53"}
{"level":"info","message":"Forging enabled on account: 14441137442005365710L","timestamp":"2016-02-19 09:59:53"}
{"level":"info","message":"Forging enabled on account: 684341513061178313L","timestamp":"2016-02-19 09:59:53"}
{"level":"info","message":"Forging enabled on account: 7593707372789167412L","timestamp":"2016-02-19 09:59:53"}
{"level":"info","message":"Forging enabled on account: 6706317050213502394L","timestamp":"2016-02-19 09:59:53"}
{"level":"info","message":"Forging enabled on account: 7249228627189143404L","timestamp":"2016-02-19 09:59:53"}
{"level":"info","message":"Forging enabled on account: 1783032896263398579L","timestamp":"2016-02-19 09:59:53"}
{"level":"info","message":"Forging enabled on account: 15494744044878115785L","timestamp":"2016-02-19 09:59:53"}
{"level":"info","message":"Forging enabled on account: 6802359199930828989L","timestamp":"2016-02-19 09:59:53"}
{"level":"info","message":"Forging enabled on account: 16050200934765593962L","timestamp":"2016-02-19 09:59:53"}
{"level":"info","message":"Forging enabled on account: 12822300557104611620L","timestamp":"2016-02-19 09:59:53"}
{"level":"info","message":"Forging enabled on account: 1481139561646612243L","timestamp":"2016-02-19 09:59:53"}
{"level":"info","message":"Forging enabled on account: 2846768534602116009L","timestamp":"2016-02-19 09:59:53"}
{"level":"info","message":"Forging enabled on account: 17385087489157254955L","timestamp":"2016-02-19 09:59:53"}
{"level":"info","message":"Forging enabled on account: 3829243602589242754L","timestamp":"2016-02-19 09:59:53"}
{"level":"info","message":"Forging enabled on account: 8450693992445592011L","timestamp":"2016-02-19 09:59:53"}
{"level":"info","message":"Forging enabled on account: 6338764557280954375L","timestamp":"2016-02-19 09:59:53"}
{"level":"info","message":"Forging enabled on account: 10944063192866137583L","timestamp":"2016-02-19 09:59:53"}
{"level":"info","message":"Forging enabled on account: 2030546537464612755L","timestamp":"2016-02-19 09:59:53"}
{"level":"info","message":"Forging enabled on account: 16105883534213309320L","timestamp":"2016-02-19 09:59:53"}
{"level":"info","message":"Forging enabled on account: 11326396533149648867L","timestamp":"2016-02-19 09:59:53"}
{"level":"info","message":"Forging enabled on account: 12349723247374181522L","timestamp":"2016-02-19 09:59:53"}
{"level":"info","message":"Forging enabled on account: 16476440012630860790L","timestamp":"2016-02-19 09:59:53"}
{"level":"info","message":"Forging enabled on account: 345121046828688294L","timestamp":"2016-02-19 09:59:53"}
{"level":"info","message":"Forging enabled on account: 14953739121802821906L","timestamp":"2016-02-19 09:59:53"}
{"level":"info","message":"Forging enabled on account: 15288445234506888510L","timestamp":"2016-02-19 09:59:53"}
{"level":"info","message":"Forging enabled on account: 9628145656725939719L","timestamp":"2016-02-19 09:59:53"}
{"level":"info","message":"Forging enabled on account: 2822880454501211949L","timestamp":"2016-02-19 09:59:53"}
{"level":"info","message":"Forging enabled on account: 8669326576880436085L","timestamp":"2016-02-19 09:59:53"}
{"level":"info","message":"Forging enabled on account: 17767473486677456263L","timestamp":"2016-02-19 09:59:53"}
{"level":"info","message":"Forging enabled on account: 10715522561422406038L","timestamp":"2016-02-19 09:59:53"}
{"level":"info","message":"Forging enabled on account: 52090257569686578L","timestamp":"2016-02-19 09:59:53"}
{"level":"info","message":"Forging enabled on account: 11934491580331231200L","timestamp":"2016-02-19 09:59:53"}
{"level":"info","message":"Forging enabled on account: 12520066846682701533L","timestamp":"2016-02-19 09:59:53"}
{"level":"info","message":"Forging enabled on account: 18230687562497153322L","timestamp":"2016-02-19 09:59:53"}
{"level":"info","message":"Forging enabled on account: 16978138279093948812L","timestamp":"2016-02-19 09:59:53"}
{"level":"info","message":"Cleaning up...","timestamp":"2016-02-19 09:59:58"}
{"level":"info","message":"Cleaned up successfully","timestamp":"2016-02-19 09:59:58"}
{"level":"info","message":"Modules ready and launched","timestamp":"2016-02-19 10:00:26"}
{"level":"info","message":"Blocks 212","timestamp":"2016-02-19 10:00:26"}
{"level":"info","message":"Blockchain ready","timestamp":"2016-02-19 10:00:26"}
{"level":"warn","message":"Peers list is empty","timestamp":"2016-02-19 10:00:26"}
{"level":"info","message":"Forging enabled on account: 6020893770916529212L","timestamp":"2016-02-19 10:00:26"}
{"level":"info","message":"Forging enabled on account: 3399295688024391656L","timestamp":"2016-02-19 10:00:26"}
{"level":"info","message":"Forging enabled on account: 10920024659619471514L","timestamp":"2016-02-19 10:00:26"}
{"level":"info","message":"Forging enabled on account: 8944505886645395442L","timestamp":"2016-02-19 10:00:26"}
{"level":"info","message":"Forging enabled on account: 12297538224064366709L","timestamp":"2016-02-19 10:00:26"}
{"level":"info","message":"Forging enabled on account: 7149295450900308051L","timestamp":"2016-02-19 10:00:26"}
{"level":"info","message":"Forging enabled on account: 7603236824328673298L","timestamp":"2016-02-19 10:00:26"}
{"level":"info","message":"Forging enabled on account: 2280320823816308899L","timestamp":"2016-02-19 10:00:26"}
{"level":"info","message":"Forging enabled on account: 10199942799210522717L","timestamp":"2016-02-19 10:00:26"}
{"level":"info","message":"Forging enabled on account: 4608596237159455234L","timestamp":"2016-02-19 10:00:26"}
{"level":"info","message":"Forging enabled on account: 3046052288035016299L","timestamp":"2016-02-19 10:00:26"}
{"level":"info","message":"Forging enabled on account: 16088932973276075491L","timestamp":"2016-02-19 10:00:26"}
{"level":"info","message":"Forging enabled on account: 10051175899432791160L","timestamp":"2016-02-19 10:00:26"}
{"level":"info","message":"Forging enabled on account: 15440094603529369737L","timestamp":"2016-02-19 10:00:26"}
{"level":"info","message":"Forging enabled on account: 5206378341680386908L","timestamp":"2016-02-19 10:00:26"}
{"level":"info","message":"Forging enabled on account: 15066501102709572384L","timestamp":"2016-02-19 10:00:26"}
{"level":"info","message":"Forging enabled on account: 5433728625706035735L","timestamp":"2016-02-19 10:00:26"}
{"level":"info","message":"Forging enabled on account: 16608846401551356901L","timestamp":"2016-02-19 10:00:26"}
{"level":"info","message":"Forging enabled on account: 17132248719525355600L","timestamp":"2016-02-19 10:00:26"}
{"level":"info","message":"Forging enabled on account: 2463618651541023385L","timestamp":"2016-02-19 10:00:26"}
{"level":"info","message":"Forging enabled on account: 2747601432435937036L","timestamp":"2016-02-19 10:00:26"}
{"level":"info","message":"Forging enabled on account: 14536564211138737191L","timestamp":"2016-02-19 10:00:26"}
{"level":"info","message":"Forging enabled on account: 3024083204840550730L","timestamp":"2016-02-19 10:00:26"}
{"level":"info","message":"Forging enabled on account: 4110132213699554638L","timestamp":"2016-02-19 10:00:26"}
{"level":"info","message":"Forging enabled on account: 4667848245651481112L","timestamp":"2016-02-19 10:00:26"}
{"level":"info","message":"Forging enabled on account: 10733656197600153397L","timestamp":"2016-02-19 10:00:26"}
{"level":"info","message":"Forging enabled on account: 15572259629224973227L","timestamp":"2016-02-19 10:00:26"}
{"level":"info","message":"Forging enabled on account: 2708643964688193466L","timestamp":"2016-02-19 10:00:26"}
{"level":"info","message":"Forging enabled on account: 5210675340570198649L","timestamp":"2016-02-19 10:00:26"}
{"level":"info","message":"Forging enabled on account: 4439596338517690842L","timestamp":"2016-02-19 10:00:26"}
{"level":"info","message":"Forging enabled on account: 3148799556663946546L","timestamp":"2016-02-19 10:00:26"}
{"level":"info","message":"Forging enabled on account: 3479439186094792631L","timestamp":"2016-02-19 10:00:26"}
{"level":"info","message":"Forging enabled on account: 3322446912655241689L","timestamp":"2016-02-19 10:00:26"}
{"level":"info","message":"Forging enabled on account: 15160345575842592446L","timestamp":"2016-02-19 10:00:26"}
{"level":"info","message":"Forging enabled on account: 16817157215702135906L","timestamp":"2016-02-19 10:00:26"}
{"level":"info","message":"Forging enabled on account: 4699700350936932361L","timestamp":"2016-02-19 10:00:26"}
{"level":"info","message":"Forging enabled on account: 12940758860846676511L","timestamp":"2016-02-19 10:00:26"}
{"level":"info","message":"Forging enabled on account: 7764036856133443796L","timestamp":"2016-02-19 10:00:26"}
{"level":"info","message":"Forging enabled on account: 16074004851658777541L","timestamp":"2016-02-19 10:00:26"}
{"level":"info","message":"Forging enabled on account: 1488221669815913422L","timestamp":"2016-02-19 10:00:26"}
{"level":"info","message":"Forging enabled on account: 11972908721254757039L","timestamp":"2016-02-19 10:00:26"}
{"level":"info","message":"Forging enabled on account: 3771038779777717068L","timestamp":"2016-02-19 10:00:26"}
{"level":"info","message":"Forging enabled on account: 905418964679433011L","timestamp":"2016-02-19 10:00:26"}
{"level":"info","message":"Forging enabled on account: 12002054620833360169L","timestamp":"2016-02-19 10:00:26"}
{"level":"info","message":"Forging enabled on account: 11034948745431703253L","timestamp":"2016-02-19 10:00:26"}
{"level":"info","message":"Forging enabled on account: 7189254296376490745L","timestamp":"2016-02-19 10:00:26"}
{"level":"info","message":"Forging enabled on account: 3082415260295111034L","timestamp":"2016-02-19 10:00:26"}
{"level":"info","message":"Forging enabled on account: 15667065523937751738L","timestamp":"2016-02-19 10:00:26"}
{"level":"info","message":"Forging enabled on account: 6152611772163009873L","timestamp":"2016-02-19 10:00:26"}
{"level":"info","message":"Forging enabled on account: 3206462506877017407L","timestamp":"2016-02-19 10:00:26"}
{"level":"info","message":"Forging enabled on account: 5372897999550977066L","timestamp":"2016-02-19 10:00:26"}
{"level":"info","message":"Forging enabled on account: 13714885783276782429L","timestamp":"2016-02-19 10:00:26"}
{"level":"info","message":"Forging enabled on account: 9256276097733612933L","timestamp":"2016-02-19 10:00:26"}
{"level":"info","message":"Forging enabled on account: 2959041859287774689L","timestamp":"2016-02-19 10:00:26"}
{"level":"info","message":"Forging enabled on account: 10506793186059900306L","timestamp":"2016-02-19 10:00:27"}
{"level":"info","message":"Forging enabled on account: 9855465488126197395L","timestamp":"2016-02-19 10:00:27"}
{"level":"info","message":"Forging enabled on account: 17356565099400908L","timestamp":"2016-02-19 10:00:27"}
{"level":"info","message":"Forging enabled on account: 3640572395603978769L","timestamp":"2016-02-19 10:00:27"}
{"level":"info","message":"Forging enabled on account: 13009384699318248741L","timestamp":"2016-02-19 10:00:27"}
{"level":"info","message":"Forging enabled on account: 18427977732656699732L","timestamp":"2016-02-19 10:00:27"}
{"level":"info","message":"Forging enabled on account: 17486928158488436485L","timestamp":"2016-02-19 10:00:27"}
{"level":"info","message":"Forging enabled on account: 7537376388525502516L","timestamp":"2016-02-19 10:00:27"}
{"level":"info","message":"Forging enabled on account: 17735799744459426414L","timestamp":"2016-02-19 10:00:27"}
{"level":"info","message":"Forging enabled on account: 10922694462992044558L","timestamp":"2016-02-19 10:00:27"}
{"level":"info","message":"Forging enabled on account: 9189133462794141728L","timestamp":"2016-02-19 10:00:27"}
{"level":"info","message":"Forging enabled on account: 18317564489186666540L","timestamp":"2016-02-19 10:00:27"}
{"level":"info","message":"Forging enabled on account: 14441137442005365710L","timestamp":"2016-02-19 10:00:27"}
{"level":"info","message":"Forging enabled on account: 684341513061178313L","timestamp":"2016-02-19 10:00:27"}
{"level":"info","message":"Forging enabled on account: 7593707372789167412L","timestamp":"2016-02-19 10:00:27"}
{"level":"info","message":"Forging enabled on account: 6706317050213502394L","timestamp":"2016-02-19 10:00:27"}
{"level":"info","message":"Forging enabled on account: 7249228627189143404L","timestamp":"2016-02-19 10:00:27"}
{"level":"info","message":"Forging enabled on account: 1783032896263398579L","timestamp":"2016-02-19 10:00:27"}
{"level":"info","message":"Forging enabled on account: 15494744044878115785L","timestamp":"2016-02-19 10:00:27"}
{"level":"info","message":"Forging enabled on account: 6802359199930828989L","timestamp":"2016-02-19 10:00:27"}
{"level":"info","message":"Forging enabled on account: 16050200934765593962L","timestamp":"2016-02-19 10:00:27"}
{"level":"info","message":"Forging enabled on account: 12822300557104611620L","timestamp":"2016-02-19 10:00:27"}
{"level":"info","message":"Forging enabled on account: 1481139561646612243L","timestamp":"2016-02-19 10:00:27"}
{"level":"info","message":"Forging enabled on account: 2846768534602116009L","timestamp":"2016-02-19 10:00:27"}
{"level":"info","message":"Forging enabled on account: 17385087489157254955L","timestamp":"2016-02-19 10:00:27"}
{"level":"info","message":"Forging enabled on account: 3829243602589242754L","timestamp":"2016-02-19 10:00:27"}
{"level":"info","message":"Forging enabled on account: 8450693992445592011L","timestamp":"2016-02-19 10:00:27"}
{"level":"info","message":"Forging enabled on account: 6338764557280954375L","timestamp":"2016-02-19 10:00:27"}
{"level":"info","message":"Forging enabled on account: 10944063192866137583L","timestamp":"2016-02-19 10:00:27"}
{"level":"info","message":"Forging enabled on account: 2030546537464612755L","timestamp":"2016-02-19 10:00:27"}
{"level":"info","message":"Forging enabled on account: 16105883534213309320L","timestamp":"2016-02-19 10:00:27"}
{"level":"info","message":"Forging enabled on account: 11326396533149648867L","timestamp":"2016-02-19 10:00:27"}
{"level":"info","message":"Forging enabled on account: 12349723247374181522L","timestamp":"2016-02-19 10:00:27"}
{"level":"info","message":"Forging enabled on account: 16476440012630860790L","timestamp":"2016-02-19 10:00:27"}
{"level":"info","message":"Forging enabled on account: 345121046828688294L","timestamp":"2016-02-19 10:00:27"}
{"level":"info","message":"Forging enabled on account: 14953739121802821906L","timestamp":"2016-02-19 10:00:27"}
{"level":"info","message":"Forging enabled on account: 15288445234506888510L","timestamp":"2016-02-19 10:00:27"}
{"level":"info","message":"Forging enabled on account: 9628145656725939719L","timestamp":"2016-02-19 10:00:27"}
{"level":"info","message":"Forging enabled on account: 2822880454501211949L","timestamp":"2016-02-19 10:00:27"}
{"level":"info","message":"Forging enabled on account: 8669326576880436085L","timestamp":"2016-02-19 10:00:27"}
{"level":"info","message":"Forging enabled on account: 17767473486677456263L","timestamp":"2016-02-19 10:00:27"}
{"level":"info","message":"Forging enabled on account: 10715522561422406038L","timestamp":"2016-02-19 10:00:27"}
{"level":"info","message":"Forging enabled on account: 52090257569686578L","timestamp":"2016-02-19 10:00:27"}
{"level":"info","message":"Forging enabled on account: 11934491580331231200L","timestamp":"2016-02-19 10:00:27"}
{"level":"info","message":"Forging enabled on account: 12520066846682701533L","timestamp":"2016-02-19 10:00:27"}
{"level":"info","message":"Forging enabled on account: 18230687562497153322L","timestamp":"2016-02-19 10:00:27"}
{"level":"info","message":"Forging enabled on account: 16978138279093948812L","timestamp":"2016-02-19 10:00:27"}
{"level":"error","message":"onNewBlock message","timestamp":"2016-02-19 10:00:27","data":"Dapp not ready"}
{"level":"info","message":"Cleaning up...","timestamp":"2016-02-19 10:00:36"}
{"level":"info","message":"Cleaned up successfully","timestamp":"2016-02-19 10:00:36"}
{"level":"info","message":"Modules ready and launched","timestamp":"2016-02-19 10:01:39"}
{"level":"info","message":"Blocks 213","timestamp":"2016-02-19 10:01:39"}
{"level":"info","message":"Blockchain ready","timestamp":"2016-02-19 10:01:39"}
{"level":"warn","message":"Peers list is empty","timestamp":"2016-02-19 10:01:39"}
{"level":"info","message":"Forging enabled on account: 6020893770916529212L","timestamp":"2016-02-19 10:01:39"}
{"level":"info","message":"Forging enabled on account: 3399295688024391656L","timestamp":"2016-02-19 10:01:39"}
{"level":"info","message":"Forging enabled on account: 10920024659619471514L","timestamp":"2016-02-19 10:01:39"}
{"level":"info","message":"Forging enabled on account: 8944505886645395442L","timestamp":"2016-02-19 10:01:39"}
{"level":"info","message":"Forging enabled on account: 12297538224064366709L","timestamp":"2016-02-19 10:01:39"}
{"level":"info","message":"Forging enabled on account: 7149295450900308051L","timestamp":"2016-02-19 10:01:39"}
{"level":"info","message":"Forging enabled on account: 7603236824328673298L","timestamp":"2016-02-19 10:01:39"}
{"level":"info","message":"Forging enabled on account: 2280320823816308899L","timestamp":"2016-02-19 10:01:39"}
{"level":"info","message":"Forging enabled on account: 10199942799210522717L","timestamp":"2016-02-19 10:01:39"}
{"level":"info","message":"Forging enabled on account: 4608596237159455234L","timestamp":"2016-02-19 10:01:39"}
{"level":"info","message":"Forging enabled on account: 3046052288035016299L","timestamp":"2016-02-19 10:01:39"}
{"level":"info","message":"Forging enabled on account: 16088932973276075491L","timestamp":"2016-02-19 10:01:39"}
{"level":"info","message":"Forging enabled on account: 10051175899432791160L","timestamp":"2016-02-19 10:01:39"}
{"level":"info","message":"Forging enabled on account: 15440094603529369737L","timestamp":"2016-02-19 10:01:39"}
{"level":"info","message":"Forging enabled on account: 5206378341680386908L","timestamp":"2016-02-19 10:01:39"}
{"level":"info","message":"Forging enabled on account: 15066501102709572384L","timestamp":"2016-02-19 10:01:39"}
{"level":"info","message":"Forging enabled on account: 5433728625706035735L","timestamp":"2016-02-19 10:01:39"}
{"level":"info","message":"Forging enabled on account: 16608846401551356901L","timestamp":"2016-02-19 10:01:39"}
{"level":"info","message":"Forging enabled on account: 17132248719525355600L","timestamp":"2016-02-19 10:01:39"}
{"level":"info","message":"Forging enabled on account: 2463618651541023385L","timestamp":"2016-02-19 10:01:39"}
{"level":"info","message":"Forging enabled on account: 2747601432435937036L","timestamp":"2016-02-19 10:01:39"}
{"level":"info","message":"Forging enabled on account: 14536564211138737191L","timestamp":"2016-02-19 10:01:39"}
{"level":"info","message":"Forging enabled on account: 3024083204840550730L","timestamp":"2016-02-19 10:01:39"}
{"level":"info","message":"Forging enabled on account: 4110132213699554638L","timestamp":"2016-02-19 10:01:39"}
{"level":"info","message":"Forging enabled on account: 4667848245651481112L","timestamp":"2016-02-19 10:01:39"}
{"level":"info","message":"Forging enabled on account: 10733656197600153397L","timestamp":"2016-02-19 10:01:39"}
{"level":"info","message":"Forging enabled on account: 15572259629224973227L","timestamp":"2016-02-19 10:01:39"}
{"level":"info","message":"Forging enabled on account: 2708643964688193466L","timestamp":"2016-02-19 10:01:39"}
{"level":"info","message":"Forging enabled on account: 5210675340570198649L","timestamp":"2016-02-19 10:01:39"}
{"level":"info","message":"Forging enabled on account: 4439596338517690842L","timestamp":"2016-02-19 10:01:39"}
{"level":"info","message":"Forging enabled on account: 3148799556663946546L","timestamp":"2016-02-19 10:01:39"}
{"level":"info","message":"Forging enabled on account: 3479439186094792631L","timestamp":"2016-02-19 10:01:39"}
{"level":"info","message":"Forging enabled on account: 3322446912655241689L","timestamp":"2016-02-19 10:01:39"}
{"level":"info","message":"Forging enabled on account: 15160345575842592446L","timestamp":"2016-02-19 10:01:39"}
{"level":"info","message":"Forging enabled on account: 16817157215702135906L","timestamp":"2016-02-19 10:01:39"}
{"level":"info","message":"Forging enabled on account: 4699700350936932361L","timestamp":"2016-02-19 10:01:39"}
{"level":"info","message":"Forging enabled on account: 12940758860846676511L","timestamp":"2016-02-19 10:01:39"}
{"level":"info","message":"Forging enabled on account: 7764036856133443796L","timestamp":"2016-02-19 10:01:39"}
{"level":"info","message":"Forging enabled on account: 16074004851658777541L","timestamp":"2016-02-19 10:01:39"}
{"level":"info","message":"Forging enabled on account: 1488221669815913422L","timestamp":"2016-02-19 10:01:39"}
{"level":"info","message":"Forging enabled on account: 11972908721254757039L","timestamp":"2016-02-19 10:01:39"}
{"level":"info","message":"Forging enabled on account: 3771038779777717068L","timestamp":"2016-02-19 10:01:39"}
{"level":"info","message":"Forging enabled on account: 905418964679433011L","timestamp":"2016-02-19 10:01:39"}
{"level":"info","message":"Forging enabled on account: 12002054620833360169L","timestamp":"2016-02-19 10:01:39"}
{"level":"info","message":"Forging enabled on account: 11034948745431703253L","timestamp":"2016-02-19 10:01:39"}
{"level":"info","message":"Forging enabled on account: 7189254296376490745L","timestamp":"2016-02-19 10:01:39"}
{"level":"info","message":"Forging enabled on account: 3082415260295111034L","timestamp":"2016-02-19 10:01:39"}
{"level":"info","message":"Forging enabled on account: 15667065523937751738L","timestamp":"2016-02-19 10:01:39"}
{"level":"info","message":"Forging enabled on account: 6152611772163009873L","timestamp":"2016-02-19 10:01:39"}
{"level":"info","message":"Forging enabled on account: 3206462506877017407L","timestamp":"2016-02-19 10:01:39"}
{"level":"info","message":"Forging enabled on account: 5372897999550977066L","timestamp":"2016-02-19 10:01:39"}
{"level":"info","message":"Forging enabled on account: 13714885783276782429L","timestamp":"2016-02-19 10:01:39"}
{"level":"info","message":"Forging enabled on account: 9256276097733612933L","timestamp":"2016-02-19 10:01:39"}
{"level":"info","message":"Forging enabled on account: 2959041859287774689L","timestamp":"2016-02-19 10:01:39"}
{"level":"info","message":"Forging enabled on account: 10506793186059900306L","timestamp":"2016-02-19 10:01:39"}
{"level":"info","message":"Forging enabled on account: 9855465488126197395L","timestamp":"2016-02-19 10:01:39"}
{"level":"info","message":"Forging enabled on account: 17356565099400908L","timestamp":"2016-02-19 10:01:39"}
{"level":"info","message":"Forging enabled on account: 3640572395603978769L","timestamp":"2016-02-19 10:01:39"}
{"level":"info","message":"Forging enabled on account: 13009384699318248741L","timestamp":"2016-02-19 10:01:39"}
{"level":"info","message":"Forging enabled on account: 18427977732656699732L","timestamp":"2016-02-19 10:01:39"}
{"level":"info","message":"Forging enabled on account: 17486928158488436485L","timestamp":"2016-02-19 10:01:39"}
{"level":"info","message":"Forging enabled on account: 7537376388525502516L","timestamp":"2016-02-19 10:01:39"}
{"level":"info","message":"Forging enabled on account: 17735799744459426414L","timestamp":"2016-02-19 10:01:39"}
{"level":"info","message":"Forging enabled on account: 10922694462992044558L","timestamp":"2016-02-19 10:01:39"}
{"level":"info","message":"Forging enabled on account: 9189133462794141728L","timestamp":"2016-02-19 10:01:39"}
{"level":"info","message":"Forging enabled on account: 18317564489186666540L","timestamp":"2016-02-19 10:01:39"}
{"level":"info","message":"Forging enabled on account: 14441137442005365710L","timestamp":"2016-02-19 10:01:39"}
{"level":"info","message":"Forging enabled on account: 684341513061178313L","timestamp":"2016-02-19 10:01:39"}
{"level":"info","message":"Forging enabled on account: 7593707372789167412L","timestamp":"2016-02-19 10:01:39"}
{"level":"info","message":"Forging enabled on account: 6706317050213502394L","timestamp":"2016-02-19 10:01:39"}
{"level":"info","message":"Forging enabled on account: 7249228627189143404L","timestamp":"2016-02-19 10:01:39"}
{"level":"info","message":"Forging enabled on account: 1783032896263398579L","timestamp":"2016-02-19 10:01:39"}
{"level":"info","message":"Forging enabled on account: 15494744044878115785L","timestamp":"2016-02-19 10:01:39"}
{"level":"info","message":"Forging enabled on account: 6802359199930828989L","timestamp":"2016-02-19 10:01:39"}
{"level":"info","message":"Forging enabled on account: 16050200934765593962L","timestamp":"2016-02-19 10:01:39"}
{"level":"info","message":"Forging enabled on account: 12822300557104611620L","timestamp":"2016-02-19 10:01:39"}
{"level":"info","message":"Forging enabled on account: 1481139561646612243L","timestamp":"2016-02-19 10:01:39"}
{"level":"info","message":"Forging enabled on account: 2846768534602116009L","timestamp":"2016-02-19 10:01:39"}
{"level":"info","message":"Forging enabled on account: 17385087489157254955L","timestamp":"2016-02-19 10:01:39"}
{"level":"info","message":"Forging enabled on account: 3829243602589242754L","timestamp":"2016-02-19 10:01:39"}
{"level":"info","message":"Forging enabled on account: 8450693992445592011L","timestamp":"2016-02-19 10:01:39"}
{"level":"info","message":"Forging enabled on account: 6338764557280954375L","timestamp":"2016-02-19 10:01:39"}
{"level":"info","message":"Forging enabled on account: 10944063192866137583L","timestamp":"2016-02-19 10:01:39"}
{"level":"info","message":"Forging enabled on account: 2030546537464612755L","timestamp":"2016-02-19 10:01:39"}
{"level":"info","message":"Forging enabled on account: 16105883534213309320L","timestamp":"2016-02-19 10:01:39"}
{"level":"info","message":"Forging enabled on account: 11326396533149648867L","timestamp":"2016-02-19 10:01:39"}
{"level":"info","message":"Forging enabled on account: 12349723247374181522L","timestamp":"2016-02-19 10:01:39"}
{"level":"info","message":"Forging enabled on account: 16476440012630860790L","timestamp":"2016-02-19 10:01:39"}
{"level":"info","message":"Forging enabled on account: 345121046828688294L","timestamp":"2016-02-19 10:01:39"}
{"level":"info","message":"Forging enabled on account: 14953739121802821906L","timestamp":"2016-02-19 10:01:39"}
{"level":"info","message":"Forging enabled on account: 15288445234506888510L","timestamp":"2016-02-19 10:01:39"}
{"level":"info","message":"Forging enabled on account: 9628145656725939719L","timestamp":"2016-02-19 10:01:39"}
{"level":"info","message":"Forging enabled on account: 2822880454501211949L","timestamp":"2016-02-19 10:01:39"}
{"level":"info","message":"Forging enabled on account: 8669326576880436085L","timestamp":"2016-02-19 10:01:39"}
{"level":"info","message":"Forging enabled on account: 17767473486677456263L","timestamp":"2016-02-19 10:01:39"}
{"level":"info","message":"Forging enabled on account: 10715522561422406038L","timestamp":"2016-02-19 10:01:39"}
{"level":"info","message":"Forging enabled on account: 52090257569686578L","timestamp":"2016-02-19 10:01:39"}
{"level":"info","message":"Forging enabled on account: 11934491580331231200L","timestamp":"2016-02-19 10:01:39"}
{"level":"info","message":"Forging enabled on account: 12520066846682701533L","timestamp":"2016-02-19 10:01:39"}
{"level":"info","message":"Forging enabled on account: 18230687562497153322L","timestamp":"2016-02-19 10:01:39"}
{"level":"info","message":"Forging enabled on account: 16978138279093948812L","timestamp":"2016-02-19 10:01:39"}
{"level":"error","message":"onNewBlock message","timestamp":"2016-02-19 10:01:39","data":"Dapp not ready"}
{"level":"info","message":"Dapp 11172989537083733196 closed ","timestamp":"2016-03-06 08:17:27"}
{"level":"info","message":"Encountered error in dapp 11172989537083733196 Error: This socket has been ended by the other party","timestamp":"2016-03-06 08:17:27"}
{"level":"info","message":"Dapp 11172989537083733196 closed ","timestamp":"2016-03-06 08:17:27"}
{"level":"info","message":"Cleaning up...","timestamp":"2016-03-15 10:00:49"}
{"level":"info","message":"Modules ready and launched","timestamp":"2016-03-15 10:01:05"}
{"level":"info","message":"Blocks 212393","timestamp":"2016-03-15 10:01:10"}
{"level":"info","message":"Blockchain ready","timestamp":"2016-03-15 10:01:10"}
{"level":"warn","message":"Peers list is empty","timestamp":"2016-03-15 10:01:10"}
{"level":"info","message":"Forging enabled on account: 6020893770916529212L","timestamp":"2016-03-15 10:01:10"}
{"level":"info","message":"Forging enabled on account: 3399295688024391656L","timestamp":"2016-03-15 10:01:12"}
{"level":"info","message":"Forging enabled on account: 10920024659619471514L","timestamp":"2016-03-15 10:01:12"}
{"level":"info","message":"Forging enabled on account: 8944505886645395442L","timestamp":"2016-03-15 10:01:12"}
{"level":"info","message":"Forging enabled on account: 12297538224064366709L","timestamp":"2016-03-15 10:01:12"}
{"level":"info","message":"Forging enabled on account: 7149295450900308051L","timestamp":"2016-03-15 10:01:12"}
